Using pre-set license
Built from '2021.3/staging' branch; Version is '2021.3.1f1 (3b70a0754835) revision 3895456'; Using compiler version '192829333'; Build Type 'Release'
OS: 'Windows 10  (10.0.18362) 64bit Professional' Language: 'es' Physical Memory: 6378 MB
BatchMode: 1, IsHumanControllingUs: 0, StartBugReporterOnCrash: 0, Is64bit: 1, IsPro: 1

COMMAND LINE ARGUMENTS:
C:\Program Files\Unity\Hub\Editor\2021.3.1f1\Editor\Unity.exe
-adb2
-batchMode
-noUpm
-name
AssetImportWorker4
-projectPath
C:/Users/admin/Desktop/Unity/RPG/My project (1)
-logFile
Logs/AssetImportWorker4.log
-srvPort
64785
Successfully changed project path to: C:/Users/admin/Desktop/Unity/RPG/My project (1)
C:/Users/admin/Desktop/Unity/RPG/My project (1)
[UnityMemory] Configuration Parameters - Can be set up in boot.config
    "memorysetup-bucket-allocator-granularity=16"
    "memorysetup-bucket-allocator-bucket-count=8"
    "memorysetup-bucket-allocator-block-size=33554432"
    "memorysetup-bucket-allocator-block-count=8"
    "memorysetup-main-allocator-block-size=16777216"
    "memorysetup-thread-allocator-block-size=16777216"
    "memorysetup-gfx-main-allocator-block-size=16777216"
    "memorysetup-gfx-thread-allocator-block-size=16777216"
    "memorysetup-cache-allocator-block-size=4194304"
    "memorysetup-typetree-allocator-block-size=2097152"
    "memorysetup-profiler-bucket-allocator-granularity=16"
    "memorysetup-profiler-bucket-allocator-bucket-count=8"
    "memorysetup-profiler-bucket-allocator-block-size=33554432"
    "memorysetup-profiler-bucket-allocator-block-count=8"
    "memorysetup-profiler-allocator-block-size=16777216"
    "memorysetup-profiler-editor-allocator-block-size=1048576"
    "memorysetup-temp-allocator-size-main=16777216"
    "memorysetup-job-temp-allocator-block-size=2097152"
    "memorysetup-job-temp-allocator-block-size-background=1048576"
    "memorysetup-job-temp-allocator-reduction-small-platforms=262144"
    "memorysetup-temp-allocator-size-background-worker=32768"
    "memorysetup-temp-allocator-size-job-worker=262144"
    "memorysetup-temp-allocator-size-preload-manager=33554432"
    "memorysetup-temp-allocator-size-nav-mesh-worker=65536"
    "memorysetup-temp-allocator-size-audio-worker=65536"
    "memorysetup-temp-allocator-size-cloud-worker=32768"
    "memorysetup-temp-allocator-size-gi-baking-worker=262144"
    "memorysetup-temp-allocator-size-gfx=262144"
Refreshing native plugins compatible for Editor in 122.07 ms, found 4 plugins.
Preloading 0 native plugins for Editor in 0.00 ms.
Initialize engine version: 2021.3.1f1 (3b70a0754835)
[Subsystems] Discovering subsystems at path C:/Program Files/Unity/Hub/Editor/2021.3.1f1/Editor/Data/Resources/UnitySubsystems
[Subsystems] Discovering subsystems at path C:/Users/admin/Desktop/Unity/RPG/My project (1)/Assets
GfxDevice: creating device client; threaded=0; jobified=0
Direct3D:
    Version:  Direct3D 11.0 [level 11.1]
    Renderer: NVIDIA GeForce GTX 1050 (ID=0x1c81)
    Vendor:   NVIDIA
    VRAM:     1977 MB
    Driver:   27.21.14.5730
Initialize mono
Mono path[0] = 'C:/Program Files/Unity/Hub/Editor/2021.3.1f1/Editor/Data/Managed'
Mono path[1] = 'C:/Program Files/Unity/Hub/Editor/2021.3.1f1/Editor/Data/MonoBleedingEdge/lib/mono/unityjit-win32'
Mono config path = 'C:/Program Files/Unity/Hub/Editor/2021.3.1f1/Editor/Data/MonoBleedingEdge/etc'
Using monoOptions --debugger-agent=transport=dt_socket,embedding=1,server=y,suspend=n,address=127.0.0.1:56708
Begin MonoManager ReloadAssembly
Registering precompiled unity dll's ...
Register platform support module: C:/Program Files/Unity/Hub/Editor/2021.3.1f1/Editor/Data/PlaybackEngines/WebGLSupport/UnityEditor.WebGL.Extensions.dll
Register platform support module: C:/Program Files/Unity/Hub/Editor/2021.3.1f1/Editor/Data/PlaybackEngines/WindowsStandaloneSupport/UnityEditor.WindowsStandalone.Extensions.dll
Registered in 0.009143 seconds.
Native extension for WindowsStandalone target not found
Native extension for WebGL target not found
Refreshing native plugins compatible for Editor in 96.42 ms, found 4 plugins.
Preloading 0 native plugins for Editor in 0.00 ms.
Mono: successfully reloaded assembly
- Completed reload, in  0.752 seconds
Domain Reload Profiling:
	ReloadAssembly (753ms)
		BeginReloadAssembly (97ms)
			ExecutionOrderSort (0ms)
			DisableScriptedObjects (0ms)
			BackupInstance (0ms)
			ReleaseScriptingObjects (0ms)
			CreateAndSetChildDomain (1ms)
		EndReloadAssembly (529ms)
			LoadAssemblies (94ms)
			RebuildTransferFunctionScriptingTraits (0ms)
			SetupTypeCache (133ms)
			ReleaseScriptCaches (0ms)
			RebuildScriptCaches (39ms)
			SetupLoadedEditorAssemblies (293ms)
				LogAssemblyErrors (0ms)
				InitializePlatformSupportModulesInManaged (10ms)
				SetLoadedEditorAssemblies (0ms)
				RefreshPlugins (97ms)
				BeforeProcessingInitializeOnLoad (1ms)
				ProcessInitializeOnLoadAttributes (135ms)
				ProcessInitializeOnLoadMethodAttributes (50ms)
				AfterProcessingInitializeOnLoad (0ms)
				EditorAssembliesLoaded (0ms)
			ExecutionOrderSort2 (0ms)
			AwakeInstancesAfterBackupRestoration (0ms)
Platform modules already initialized, skipping
Registering precompiled user dll's ...
Registered in 0.010397 seconds.
Begin MonoManager ReloadAssembly
Symbol file LoadedFromMemory doesn't match image C:\Users\admin\Desktop\Unity\RPG\My project (1)\Library\PackageCache\com.unity.visualscripting@1.7.6\Editor\VisualScripting.Core\Dependencies\YamlDotNet\Unity.VisualScripting.YamlDotNet.dll
Symbol file LoadedFromMemory is not a mono symbol file
Symbol file LoadedFromMemory doesn't match image C:\Users\admin\Desktop\Unity\RPG\My project (1)\Library\PackageCache\com.unity.visualscripting@1.7.6\Editor\VisualScripting.Core\Dependencies\DotNetZip\Unity.VisualScripting.IonicZip.dll
Native extension for WindowsStandalone target not found
Native extension for WebGL target not found
Refreshing native plugins compatible for Editor in 117.74 ms, found 4 plugins.
Preloading 0 native plugins for Editor in 0.00 ms.
Mono: successfully reloaded assembly
- Completed reload, in  2.742 seconds
Domain Reload Profiling:
	ReloadAssembly (2744ms)
		BeginReloadAssembly (133ms)
			ExecutionOrderSort (0ms)
			DisableScriptedObjects (6ms)
			BackupInstance (0ms)
			ReleaseScriptingObjects (0ms)
			CreateAndSetChildDomain (23ms)
		EndReloadAssembly (2321ms)
			LoadAssemblies (1113ms)
			RebuildTransferFunctionScriptingTraits (0ms)
			SetupTypeCache (322ms)
			ReleaseScriptCaches (1ms)
			RebuildScriptCaches (65ms)
			SetupLoadedEditorAssemblies (722ms)
				LogAssemblyErrors (0ms)
				InitializePlatformSupportModulesInManaged (10ms)
				SetLoadedEditorAssemblies (0ms)
				RefreshPlugins (118ms)
				BeforeProcessingInitializeOnLoad (108ms)
				ProcessInitializeOnLoadAttributes (325ms)
				ProcessInitializeOnLoadMethodAttributes (149ms)
				AfterProcessingInitializeOnLoad (12ms)
				EditorAssembliesLoaded (0ms)
			ExecutionOrderSort2 (0ms)
			AwakeInstancesAfterBackupRestoration (10ms)
Platform modules already initialized, skipping
========================================================================
Worker process is ready to serve import requests
Launched and connected shader compiler UnityShaderCompiler.exe after 0.14 seconds
Refreshing native plugins compatible for Editor in 1.56 ms, found 4 plugins.
Preloading 0 native plugins for Editor in 0.00 ms.
Unloading 3920 Unused Serialized files (Serialized files now loaded: 0)
Unloading 40 unused Assets / (225.5 KB). Loaded Objects now: 4374.
Memory consumption went from 147.2 MB to 147.0 MB.
Total: 4.154700 ms (FindLiveObjects: 0.378700 ms CreateObjectMapping: 0.321400 ms MarkObjects: 3.290400 ms  DeleteObjects: 0.162900 ms)

AssetImportParameters requested are different than current active one (requested -> active):
  custom:video-decoder-ogg-theora: a1e56fd34408186e4bbccfd4996cb3dc -> 
  custom:container-muxer-webm: aa71ff27fc2769a1b78a27578f13a17b -> 
  custom:container-demuxer-webm: 4f35f7cbe854078d1ac9338744f61a02 -> 
  custom:video-encoder-webm-vp8: eb34c28f22e8b96e1ab97ce403110664 -> 
  custom:video-codec-MediaFoundation-h265: 746d11721c4dcdbdad8f713fa42b33f4 -> 
  custom:audio-encoder-webm-vorbis: bf7c407c2cedff20999df2af8eb42d56 -> 
  custom:framework-win-MediaFoundation: 216162199b28c13a410421893ffa2e32 -> 
  custom:container-demuxer-ogg: 62fdf1f143b41e24485cea50d1cbac27 -> 
  custom:video-decoder-webm-vp8: 9c59270c3fd7afecdb556c50c9e8de78 -> 
  custom:audio-decoder-ogg-vorbis: bf7c407c2cedff20999df2af8eb42d56 -> 
========================================================================
Received Import Request.
  Time since last request: 24082.522717 seconds.
  path: Assets/Spritesheets/Icons/Project Dawn/Icons/Abilities/BowShot.png
  artifactKey: Guid(e249b6ae401d83742ada6e9316c4dcde) Importer(815301076,1909f56bfc062723c751e8b465ee728b)
Start importing Assets/Spritesheets/Icons/Project Dawn/Icons/Abilities/BowShot.png using Guid(e249b6ae401d83742ada6e9316c4dcde) Importer(815301076,1909f56bfc062723c751e8b465ee728b)  -> (artifact id: '0f4f4f4ec263c017b34fff8bcfa4057c') in 0.637234 seconds 
========================================================================
Received Import Request.
  Time since last request: 0.000062 seconds.
  path: Assets/Spritesheets/Icons/Project Dawn/Icons/Abilities/PoisonArrow.png
  artifactKey: Guid(74df2fe9c84f72e468be5b695501213d) Importer(815301076,1909f56bfc062723c751e8b465ee728b)
Start importing Assets/Spritesheets/Icons/Project Dawn/Icons/Abilities/PoisonArrow.png using Guid(74df2fe9c84f72e468be5b695501213d) Importer(815301076,1909f56bfc062723c751e8b465ee728b)  -> (artifact id: '849e68d911bb14f6f5e485658111b745') in 0.029581 seconds 
========================================================================
Received Import Request.
  Time since last request: 0.000038 seconds.
  path: Assets/Spritesheets/Icons/Project Dawn/Icons/Abilities/GuardianForm.png
  artifactKey: Guid(da0ff889a9250cb4693743c31f63e4f6) Importer(815301076,1909f56bfc062723c751e8b465ee728b)
Start importing Assets/Spritesheets/Icons/Project Dawn/Icons/Abilities/GuardianForm.png using Guid(da0ff889a9250cb4693743c31f63e4f6) Importer(815301076,1909f56bfc062723c751e8b465ee728b)  -> (artifact id: '528d5298c48f45e4da3898543ebabee2') in 0.021168 seconds 
========================================================================
Received Import Request.
  Time since last request: 0.000025 seconds.
  path: Assets/Spritesheets/Icons/Project Dawn/Icons/Abilities/GreaterPotion.png
  artifactKey: Guid(edb56a37ad9ea094b81bee181e85e58d) Importer(815301076,1909f56bfc062723c751e8b465ee728b)
Start importing Assets/Spritesheets/Icons/Project Dawn/Icons/Abilities/GreaterPotion.png using Guid(edb56a37ad9ea094b81bee181e85e58d) Importer(815301076,1909f56bfc062723c751e8b465ee728b)  -> (artifact id: '1d7a9ebb0c922630d6fa53b15d584295') in 0.021446 seconds 
========================================================================
Received Import Request.
  Time since last request: 0.000024 seconds.
  path: Assets/Spritesheets/Icons/Project Dawn/Icons/Interface/Drop.png
  artifactKey: Guid(768ce2e4c36c0b842a3ebebd12df56ea) Importer(815301076,1909f56bfc062723c751e8b465ee728b)
Start importing Assets/Spritesheets/Icons/Project Dawn/Icons/Interface/Drop.png using Guid(768ce2e4c36c0b842a3ebebd12df56ea) Importer(815301076,1909f56bfc062723c751e8b465ee728b)  -> (artifact id: '987200a38edc06de89935ccd86008d61') in 0.040905 seconds 
========================================================================
Received Import Request.
  Time since last request: 0.000039 seconds.
  path: Assets/Spritesheets/Icons/Project Dawn/Icons/Abilities/BattleRoar.png
  artifactKey: Guid(6efa24c11b22125469c294d7305b27cf) Importer(815301076,1909f56bfc062723c751e8b465ee728b)
Start importing Assets/Spritesheets/Icons/Project Dawn/Icons/Abilities/BattleRoar.png using Guid(6efa24c11b22125469c294d7305b27cf) Importer(815301076,1909f56bfc062723c751e8b465ee728b)  -> (artifact id: '6dbaf3a7a03c69f3c02434c9161237a8') in 0.026413 seconds 
========================================================================
Received Import Request.
  Time since last request: 0.000038 seconds.
  path: Assets/Spritesheets/Icons/Project Dawn/Icons/Interface/Spells.png
  artifactKey: Guid(7ba8e3e0e467b5a40bdbff3f554fd817) Importer(815301076,1909f56bfc062723c751e8b465ee728b)
Start importing Assets/Spritesheets/Icons/Project Dawn/Icons/Interface/Spells.png using Guid(7ba8e3e0e467b5a40bdbff3f554fd817) Importer(815301076,1909f56bfc062723c751e8b465ee728b)  -> (artifact id: '37e2b9d5b95eb2731a8cdd77373e94a3') in 0.024120 seconds 
========================================================================
Received Import Request.
  Time since last request: 0.000039 seconds.
  path: Assets/Spritesheets/Icons/Project Dawn/Icons/Abilities/Potion.png
  artifactKey: Guid(f1323d7b2723e7741a50b9b334a4541d) Importer(815301076,1909f56bfc062723c751e8b465ee728b)
Start importing Assets/Spritesheets/Icons/Project Dawn/Icons/Abilities/Potion.png using Guid(f1323d7b2723e7741a50b9b334a4541d) Importer(815301076,1909f56bfc062723c751e8b465ee728b)  -> (artifact id: '0aa9afc872aac329d436d9d799c0fd78') in 0.028496 seconds 
========================================================================
Received Import Request.
  Time since last request: 0.000027 seconds.
  path: Assets/Spritesheets/Icons/Project Dawn/Icons/Abilities/Push.png
  artifactKey: Guid(31732a52e3a605849a258a50376ecefd) Importer(815301076,1909f56bfc062723c751e8b465ee728b)
Start importing Assets/Spritesheets/Icons/Project Dawn/Icons/Abilities/Push.png using Guid(31732a52e3a605849a258a50376ecefd) Importer(815301076,1909f56bfc062723c751e8b465ee728b)  -> (artifact id: '14e834e4ef75a0c7f071a3b24f6b48f1') in 0.127710 seconds 
========================================================================
Received Import Request.
  Time since last request: 0.000043 seconds.
  path: Assets/Spritesheets/Icons/Project Dawn/Icons/Abilities/FireWave.png
  artifactKey: Guid(ededebcf6f6300045b8f34cf9921b801) Importer(815301076,1909f56bfc062723c751e8b465ee728b)
Start importing Assets/Spritesheets/Icons/Project Dawn/Icons/Abilities/FireWave.png using Guid(ededebcf6f6300045b8f34cf9921b801) Importer(815301076,1909f56bfc062723c751e8b465ee728b)  -> (artifact id: '76c1c8c04043b9dd2e5152be1966151d') in 0.062862 seconds 
========================================================================
Received Import Request.
  Time since last request: 0.000050 seconds.
  path: Assets/Spritesheets/Icons/Project Dawn/Icons/Abilities/HeroicSlash.png
  artifactKey: Guid(68815a7adf12554468f771c2f0a07089) Importer(815301076,1909f56bfc062723c751e8b465ee728b)
Start importing Assets/Spritesheets/Icons/Project Dawn/Icons/Abilities/HeroicSlash.png using Guid(68815a7adf12554468f771c2f0a07089) Importer(815301076,1909f56bfc062723c751e8b465ee728b)  -> (artifact id: 'e9d219b934ced7205064bfa50f53a603') in 0.044567 seconds 
========================================================================
Received Import Request.
  Time since last request: 0.000031 seconds.
  path: Assets/Spritesheets/Icons/Project Dawn/Icons/Abilities/IxonSwiftBlade.png
  artifactKey: Guid(a558cbf9814d64442b62848e0d286a77) Importer(815301076,1909f56bfc062723c751e8b465ee728b)
Start importing Assets/Spritesheets/Icons/Project Dawn/Icons/Abilities/IxonSwiftBlade.png using Guid(a558cbf9814d64442b62848e0d286a77) Importer(815301076,1909f56bfc062723c751e8b465ee728b)  -> (artifact id: '7b855580f8e27e0b647059e2c3a5502d') in 0.043796 seconds 
========================================================================
Received Import Request.
  Time since last request: 0.000043 seconds.
  path: Assets/Spritesheets/Icons/Project Dawn/Icons/Interface/Empty.png
  artifactKey: Guid(86613499b4775f348b2bd5e4bb67fb92) Importer(815301076,1909f56bfc062723c751e8b465ee728b)
Start importing Assets/Spritesheets/Icons/Project Dawn/Icons/Interface/Empty.png using Guid(86613499b4775f348b2bd5e4bb67fb92) Importer(815301076,1909f56bfc062723c751e8b465ee728b)  -> (artifact id: 'be1358790d3950069bd47a4ca3425beb') in 0.016199 seconds 
========================================================================
Received Import Request.
  Time since last request: 0.000037 seconds.
  path: Assets/Spritesheets/Icons/Project Dawn/Icons/Interface/Patrol.png
  artifactKey: Guid(80395f1c44e579141b300e75c6716b50) Importer(815301076,1909f56bfc062723c751e8b465ee728b)
Start importing Assets/Spritesheets/Icons/Project Dawn/Icons/Interface/Patrol.png using Guid(80395f1c44e579141b300e75c6716b50) Importer(815301076,1909f56bfc062723c751e8b465ee728b)  -> (artifact id: '5913a878da4e783377bb51940ba87779') in 0.021513 seconds 
========================================================================
Received Import Request.
  Time since last request: 0.000041 seconds.
  path: Assets/Spritesheets/Icons/Project Dawn/Icons/Abilities/Strength.png
  artifactKey: Guid(cdd2026808dca0a46bdb4fe66bf41a61) Importer(815301076,1909f56bfc062723c751e8b465ee728b)
Start importing Assets/Spritesheets/Icons/Project Dawn/Icons/Abilities/Strength.png using Guid(cdd2026808dca0a46bdb4fe66bf41a61) Importer(815301076,1909f56bfc062723c751e8b465ee728b)  -> (artifact id: 'cccd3d3a9eb32eb862c799dbc57149d6') in 0.021990 seconds 
========================================================================
Received Import Request.
  Time since last request: 0.000023 seconds.
  path: Assets/Spritesheets/Icons/Project Dawn/Icons/Abilities/HammerSmash.png
  artifactKey: Guid(f69550c5b30c392459ee3397f3f90a3d) Importer(815301076,1909f56bfc062723c751e8b465ee728b)
Start importing Assets/Spritesheets/Icons/Project Dawn/Icons/Abilities/HammerSmash.png using Guid(f69550c5b30c392459ee3397f3f90a3d) Importer(815301076,1909f56bfc062723c751e8b465ee728b)  -> (artifact id: '170ca9c42c93ba442df19adead308302') in 0.031130 seconds 
========================================================================
Received Import Request.
  Time since last request: 0.000036 seconds.
  path: Assets/Spritesheets/Icons/Project Dawn/Icons/Interface/HoldPosition.png
  artifactKey: Guid(876e2e3c1218e3442b93f5b1871b0d92) Importer(815301076,1909f56bfc062723c751e8b465ee728b)
Start importing Assets/Spritesheets/Icons/Project Dawn/Icons/Interface/HoldPosition.png using Guid(876e2e3c1218e3442b93f5b1871b0d92) Importer(815301076,1909f56bfc062723c751e8b465ee728b)  -> (artifact id: '7e804c870949f30cb4af8de7cf6edde6') in 0.033529 seconds 
========================================================================
Received Import Request.
  Time since last request: 0.000035 seconds.
  path: Assets/Spritesheets/Icons/Project Dawn/Icons/Interface/Defend.png
  artifactKey: Guid(71b0bdb34617940458509046e745adb0) Importer(815301076,1909f56bfc062723c751e8b465ee728b)
Start importing Assets/Spritesheets/Icons/Project Dawn/Icons/Interface/Defend.png using Guid(71b0bdb34617940458509046e745adb0) Importer(815301076,1909f56bfc062723c751e8b465ee728b)  -> (artifact id: 'f3f1defcb00babef989af52089a46129') in 0.020641 seconds 
========================================================================
Received Import Request.
  Time since last request: 0.000031 seconds.
  path: Assets/Spritesheets/Icons/Project Dawn/Icons/Interface/Backpack.png
  artifactKey: Guid(6fd01c8ca1a90274eb4519baa92ed93b) Importer(815301076,1909f56bfc062723c751e8b465ee728b)
Start importing Assets/Spritesheets/Icons/Project Dawn/Icons/Interface/Backpack.png using Guid(6fd01c8ca1a90274eb4519baa92ed93b) Importer(815301076,1909f56bfc062723c751e8b465ee728b)  -> (artifact id: '69ef58595f4318c84bcab0d2ca853244') in 0.036736 seconds 
========================================================================
Received Import Request.
  Time since last request: 0.000105 seconds.
  path: Assets/Spritesheets/Icons/Project Dawn/Icons/Abilities/BloodShed.png
  artifactKey: Guid(540d5476d1345744baef1bf3741996a2) Importer(815301076,1909f56bfc062723c751e8b465ee728b)
Start importing Assets/Spritesheets/Icons/Project Dawn/Icons/Abilities/BloodShed.png using Guid(540d5476d1345744baef1bf3741996a2) Importer(815301076,1909f56bfc062723c751e8b465ee728b)  -> (artifact id: '9ed29a7deb49a4b256c9e5fe6b4670b2') in 0.032192 seconds 
========================================================================
Received Import Request.
  Time since last request: 0.000042 seconds.
  path: Assets/Spritesheets/Icons/Project Dawn/Icons/Abilities/Shout.png
  artifactKey: Guid(fd83304d3376a2642bd885a41ee98760) Importer(815301076,1909f56bfc062723c751e8b465ee728b)
Start importing Assets/Spritesheets/Icons/Project Dawn/Icons/Abilities/Shout.png using Guid(fd83304d3376a2642bd885a41ee98760) Importer(815301076,1909f56bfc062723c751e8b465ee728b)  -> (artifact id: '34c8afd96a2d45084f0f1807991ae34e') in 0.023547 seconds 
========================================================================
Received Import Request.
  Time since last request: 0.000046 seconds.
  path: Assets/Spritesheets/Icons/Project Dawn/Icons/Abilities/Charge.png
  artifactKey: Guid(9d7adab79f7c9124aae84ee69000e28f) Importer(815301076,1909f56bfc062723c751e8b465ee728b)
Start importing Assets/Spritesheets/Icons/Project Dawn/Icons/Abilities/Charge.png using Guid(9d7adab79f7c9124aae84ee69000e28f) Importer(815301076,1909f56bfc062723c751e8b465ee728b)  -> (artifact id: '4ecbc0c154edaa09019867f5e359f334') in 0.024351 seconds 
========================================================================
Received Import Request.
  Time since last request: 0.000042 seconds.
  path: Assets/Spritesheets/Icons/Project Dawn/Icons/Abilities/Riochet.png
  artifactKey: Guid(49bc9d6febfd8a044aa8c7bd24575c78) Importer(815301076,1909f56bfc062723c751e8b465ee728b)
Start importing Assets/Spritesheets/Icons/Project Dawn/Icons/Abilities/Riochet.png using Guid(49bc9d6febfd8a044aa8c7bd24575c78) Importer(815301076,1909f56bfc062723c751e8b465ee728b)  -> (artifact id: 'a54af410cc10baa531cc1e554acb48cc') in 0.015210 seconds 
========================================================================
Received Import Request.
  Time since last request: 0.000046 seconds.
  path: Assets/Spritesheets/Icons/Project Dawn/Icons/Abilities/IconForm.png
  artifactKey: Guid(cf1a6569be0d1a84f8ed43972cce1110) Importer(815301076,1909f56bfc062723c751e8b465ee728b)
Start importing Assets/Spritesheets/Icons/Project Dawn/Icons/Abilities/IconForm.png using Guid(cf1a6569be0d1a84f8ed43972cce1110) Importer(815301076,1909f56bfc062723c751e8b465ee728b)  -> (artifact id: '34adada5038533fc4ba6eab4951da44e') in 0.027827 seconds 
========================================================================
Received Import Request.
  Time since last request: 0.000026 seconds.
  path: Assets/Spritesheets/Icons/Project Dawn/Icons/Interface/Attack.png
  artifactKey: Guid(dff4f75692d070c41b38a1b8467d88da) Importer(815301076,1909f56bfc062723c751e8b465ee728b)
Start importing Assets/Spritesheets/Icons/Project Dawn/Icons/Interface/Attack.png using Guid(dff4f75692d070c41b38a1b8467d88da) Importer(815301076,1909f56bfc062723c751e8b465ee728b)  -> (artifact id: '278f1ec1d332858756d9ad6d0d7630c6') in 0.018457 seconds 
========================================================================
Received Import Request.
  Time since last request: 0.000025 seconds.
  path: Assets/Spritesheets/Icons/Project Dawn/Icons/Abilities/IconSlash.png
  artifactKey: Guid(ba387bb5840477b41a4e0f8e70f27870) Importer(815301076,1909f56bfc062723c751e8b465ee728b)
Start importing Assets/Spritesheets/Icons/Project Dawn/Icons/Abilities/IconSlash.png using Guid(ba387bb5840477b41a4e0f8e70f27870) Importer(815301076,1909f56bfc062723c751e8b465ee728b)  -> (artifact id: 'd3292c60afe8922c1974711713e02691') in 0.018142 seconds 
========================================================================
Received Import Request.
  Time since last request: 0.000027 seconds.
  path: Assets/Spritesheets/Icons/Project Dawn/Icons/Interface/Move.png
  artifactKey: Guid(b56567098bd62b541a295d248d44e032) Importer(815301076,1909f56bfc062723c751e8b465ee728b)
Start importing Assets/Spritesheets/Icons/Project Dawn/Icons/Interface/Move.png using Guid(b56567098bd62b541a295d248d44e032) Importer(815301076,1909f56bfc062723c751e8b465ee728b)  -> (artifact id: 'cca5ef8e2337611e196f459f165b02bf') in 0.017464 seconds 
========================================================================
Received Import Request.
  Time since last request: 0.000062 seconds.
  path: Assets/Spritesheets/Icons/Project Dawn/Icons/Interface/Consumables.png
  artifactKey: Guid(a2688f1dba2cda34eb2814a399bedc0a) Importer(815301076,1909f56bfc062723c751e8b465ee728b)
Start importing Assets/Spritesheets/Icons/Project Dawn/Icons/Interface/Consumables.png using Guid(a2688f1dba2cda34eb2814a399bedc0a) Importer(815301076,1909f56bfc062723c751e8b465ee728b)  -> (artifact id: '2dd3f73b6e35d75b452c63f32edcfbb9') in 0.019298 seconds 
========================================================================
Received Import Request.
  Time since last request: 0.000032 seconds.
  path: Assets/Spritesheets/Icons/Project Dawn/Icons/Abilities/WarCry.png
  artifactKey: Guid(60fa2d5409173e74591c842f11ef3d04) Importer(815301076,1909f56bfc062723c751e8b465ee728b)
Start importing Assets/Spritesheets/Icons/Project Dawn/Icons/Abilities/WarCry.png using Guid(60fa2d5409173e74591c842f11ef3d04) Importer(815301076,1909f56bfc062723c751e8b465ee728b)  -> (artifact id: '49a87e384cdc7116ccadd94ce9aec52d') in 0.016979 seconds 
========================================================================
Received Import Request.
  Time since last request: 0.000023 seconds.
  path: Assets/Spritesheets/Icons/Project Dawn/Icons/Abilities/HandSmash.png
  artifactKey: Guid(630066880f2fc3e4896a010e73ab3e42) Importer(815301076,1909f56bfc062723c751e8b465ee728b)
Start importing Assets/Spritesheets/Icons/Project Dawn/Icons/Abilities/HandSmash.png using Guid(630066880f2fc3e4896a010e73ab3e42) Importer(815301076,1909f56bfc062723c751e8b465ee728b)  -> (artifact id: '3a31e894eff2f974fc25176e21c10776') in 0.021239 seconds 
========================================================================
Received Import Request.
  Time since last request: 0.000030 seconds.
  path: Assets/Spritesheets/Icons/Project Dawn/Icons/Abilities/MultiShot.png
  artifactKey: Guid(1d99b9a388562ce4cab00d508f6ec114) Importer(815301076,1909f56bfc062723c751e8b465ee728b)
Start importing Assets/Spritesheets/Icons/Project Dawn/Icons/Abilities/MultiShot.png using Guid(1d99b9a388562ce4cab00d508f6ec114) Importer(815301076,1909f56bfc062723c751e8b465ee728b)  -> (artifact id: '2cb3d23504c27793a9a1c48cf64b66c8') in 0.021727 seconds 
========================================================================
Received Import Request.
  Time since last request: 0.000027 seconds.
  path: Assets/Spritesheets/Icons/Project Dawn/Icons/Abilities/WarStomp.png
  artifactKey: Guid(04b6e156bceffbc4ca4aec09752b5669) Importer(815301076,1909f56bfc062723c751e8b465ee728b)
Start importing Assets/Spritesheets/Icons/Project Dawn/Icons/Abilities/WarStomp.png using Guid(04b6e156bceffbc4ca4aec09752b5669) Importer(815301076,1909f56bfc062723c751e8b465ee728b)  -> (artifact id: '23cd84612ddf05016ce3b28feb737e32') in 0.018671 seconds 
========================================================================
Received Import Request.
  Time since last request: 0.000042 seconds.
  path: Assets/Spritesheets/Icons/Project Dawn/Icons/Interface/Talents.png
  artifactKey: Guid(0ee86abab23240e4fa72a57215c2bea3) Importer(815301076,1909f56bfc062723c751e8b465ee728b)
Start importing Assets/Spritesheets/Icons/Project Dawn/Icons/Interface/Talents.png using Guid(0ee86abab23240e4fa72a57215c2bea3) Importer(815301076,1909f56bfc062723c751e8b465ee728b)  -> (artifact id: '87c6011d6dbe310f2b470359d149081c') in 0.021246 seconds 
========================================================================
Received Import Request.
  Time since last request: 0.000041 seconds.
  path: Assets/Spritesheets/Icons/Project Dawn/Icons/Interface/Menu.png
  artifactKey: Guid(2dd4e1c68d5ebf440b6f2637c1692943) Importer(815301076,1909f56bfc062723c751e8b465ee728b)
Start importing Assets/Spritesheets/Icons/Project Dawn/Icons/Interface/Menu.png using Guid(2dd4e1c68d5ebf440b6f2637c1692943) Importer(815301076,1909f56bfc062723c751e8b465ee728b)  -> (artifact id: '903836efbb01b8d35132d51925f02a42') in 0.017652 seconds 
========================================================================
Received Import Request.
  Time since last request: 0.000031 seconds.
  path: Assets/Spritesheets/Icons/Project Dawn/Icons/Interface/Cancel.png
  artifactKey: Guid(a2a4ef24d20c648498c36061dcfca6a5) Importer(815301076,1909f56bfc062723c751e8b465ee728b)
Start importing Assets/Spritesheets/Icons/Project Dawn/Icons/Interface/Cancel.png using Guid(a2a4ef24d20c648498c36061dcfca6a5) Importer(815301076,1909f56bfc062723c751e8b465ee728b)  -> (artifact id: '9c1afff173e92fd2ec6c922f1f5edfd8') in 0.016026 seconds 
========================================================================
Received Import Request.
  Time since last request: 0.000033 seconds.
  path: Assets/Spritesheets/Icons/Project Dawn/Icons/Abilities/Stab.png
  artifactKey: Guid(ea423f46f8d95274a8050aaa99f4888e) Importer(815301076,1909f56bfc062723c751e8b465ee728b)
Start importing Assets/Spritesheets/Icons/Project Dawn/Icons/Abilities/Stab.png using Guid(ea423f46f8d95274a8050aaa99f4888e) Importer(815301076,1909f56bfc062723c751e8b465ee728b)  -> (artifact id: 'f24af9eb7cf65565a20923b1d25410c5') in 0.016673 seconds 
========================================================================
Received Import Request.
  Time since last request: 10.254665 seconds.
  path: Assets/Scripts/Player/Abilities.cs
  artifactKey: Guid(88d6aa0fd39b8c247b9326b772bedef7) Importer(815301076,1909f56bfc062723c751e8b465ee728b)
Start importing Assets/Scripts/Player/Abilities.cs using Guid(88d6aa0fd39b8c247b9326b772bedef7) Importer(815301076,1909f56bfc062723c751e8b465ee728b)  -> (artifact id: '408e97f1398d7cc4ea62b5cb6f3f3060') in 0.222480 seconds 
========================================================================
Received Prepare
Registering precompiled user dll's ...
Registered in 0.010584 seconds.
Begin MonoManager ReloadAssembly
Symbol file LoadedFromMemory doesn't match image C:\Users\admin\Desktop\Unity\RPG\My project (1)\Library\PackageCache\com.unity.visualscripting@1.7.6\Editor\VisualScripting.Core\Dependencies\YamlDotNet\Unity.VisualScripting.YamlDotNet.dll
Symbol file LoadedFromMemory is not a mono symbol file
Symbol file LoadedFromMemory doesn't match image C:\Users\admin\Desktop\Unity\RPG\My project (1)\Library\PackageCache\com.unity.visualscripting@1.7.6\Editor\VisualScripting.Core\Dependencies\DotNetZip\Unity.VisualScripting.IonicZip.dll
Native extension for WindowsStandalone target not found
Native extension for WebGL target not found
Refreshing native plugins compatible for Editor in 0.75 ms, found 4 plugins.
Preloading 0 native plugins for Editor in 0.00 ms.
Mono: successfully reloaded assembly
- Completed reload, in  1.391 seconds
Domain Reload Profiling:
	ReloadAssembly (1391ms)
		BeginReloadAssembly (149ms)
			ExecutionOrderSort (0ms)
			DisableScriptedObjects (7ms)
			BackupInstance (0ms)
			ReleaseScriptingObjects (0ms)
			CreateAndSetChildDomain (40ms)
		EndReloadAssembly (1121ms)
			LoadAssemblies (128ms)
			RebuildTransferFunctionScriptingTraits (0ms)
			SetupTypeCache (337ms)
			ReleaseScriptCaches (2ms)
			RebuildScriptCaches (62ms)
			SetupLoadedEditorAssemblies (493ms)
				LogAssemblyErrors (0ms)
				InitializePlatformSupportModulesInManaged (16ms)
				SetLoadedEditorAssemblies (0ms)
				RefreshPlugins (1ms)
				BeforeProcessingInitializeOnLoad (103ms)
				ProcessInitializeOnLoadAttributes (287ms)
				ProcessInitializeOnLoadMethodAttributes (68ms)
				AfterProcessingInitializeOnLoad (17ms)
				EditorAssembliesLoaded (0ms)
			ExecutionOrderSort2 (0ms)
			AwakeInstancesAfterBackupRestoration (18ms)
Platform modules already initialized, skipping
Refreshing native plugins compatible for Editor in 4.79 ms, found 4 plugins.
Preloading 0 native plugins for Editor in 0.00 ms.
Unloading 3915 Unused Serialized files (Serialized files now loaded: 0)
Unloading 27 unused Assets / (192.4 KB). Loaded Objects now: 4382.
Memory consumption went from 152.0 MB to 151.8 MB.
Total: 5.318800 ms (FindLiveObjects: 1.011300 ms CreateObjectMapping: 0.343000 ms MarkObjects: 3.807600 ms  DeleteObjects: 0.154500 ms)

AssetImportParameters requested are different than current active one (requested -> active):
  custom:video-decoder-ogg-theora: a1e56fd34408186e4bbccfd4996cb3dc -> 
  custom:container-muxer-webm: aa71ff27fc2769a1b78a27578f13a17b -> 
  custom:container-demuxer-webm: 4f35f7cbe854078d1ac9338744f61a02 -> 
  custom:video-encoder-webm-vp8: eb34c28f22e8b96e1ab97ce403110664 -> 
  custom:video-codec-MediaFoundation-h265: 746d11721c4dcdbdad8f713fa42b33f4 -> 
  custom:audio-encoder-webm-vorbis: bf7c407c2cedff20999df2af8eb42d56 -> 
  custom:framework-win-MediaFoundation: 216162199b28c13a410421893ffa2e32 -> 
  custom:container-demuxer-ogg: 62fdf1f143b41e24485cea50d1cbac27 -> 
  custom:video-decoder-webm-vp8: 9c59270c3fd7afecdb556c50c9e8de78 -> 
  custom:audio-decoder-ogg-vorbis: bf7c407c2cedff20999df2af8eb42d56 -> 
========================================================================
Received Prepare
Registering precompiled user dll's ...
Registered in 0.010462 seconds.
Begin MonoManager ReloadAssembly
Symbol file LoadedFromMemory doesn't match image C:\Users\admin\Desktop\Unity\RPG\My project (1)\Library\PackageCache\com.unity.visualscripting@1.7.6\Editor\VisualScripting.Core\Dependencies\YamlDotNet\Unity.VisualScripting.YamlDotNet.dll
Symbol file LoadedFromMemory is not a mono symbol file
Symbol file LoadedFromMemory doesn't match image C:\Users\admin\Desktop\Unity\RPG\My project (1)\Library\PackageCache\com.unity.visualscripting@1.7.6\Editor\VisualScripting.Core\Dependencies\DotNetZip\Unity.VisualScripting.IonicZip.dll
Native extension for WindowsStandalone target not found
Native extension for WebGL target not found
Refreshing native plugins compatible for Editor in 1.67 ms, found 4 plugins.
Preloading 0 native plugins for Editor in 0.00 ms.
Mono: successfully reloaded assembly
- Completed reload, in  2.155 seconds
Domain Reload Profiling:
	ReloadAssembly (2156ms)
		BeginReloadAssembly (219ms)
			ExecutionOrderSort (0ms)
			DisableScriptedObjects (10ms)
			BackupInstance (0ms)
			ReleaseScriptingObjects (0ms)
			CreateAndSetChildDomain (52ms)
		EndReloadAssembly (1710ms)
			LoadAssemblies (206ms)
			RebuildTransferFunctionScriptingTraits (0ms)
			SetupTypeCache (584ms)
			ReleaseScriptCaches (4ms)
			RebuildScriptCaches (105ms)
			SetupLoadedEditorAssemblies (682ms)
				LogAssemblyErrors (0ms)
				InitializePlatformSupportModulesInManaged (30ms)
				SetLoadedEditorAssemblies (1ms)
				RefreshPlugins (2ms)
				BeforeProcessingInitializeOnLoad (152ms)
				ProcessInitializeOnLoadAttributes (411ms)
				ProcessInitializeOnLoadMethodAttributes (68ms)
				AfterProcessingInitializeOnLoad (17ms)
				EditorAssembliesLoaded (1ms)
			ExecutionOrderSort2 (0ms)
			AwakeInstancesAfterBackupRestoration (19ms)
Platform modules already initialized, skipping
Refreshing native plugins compatible for Editor in 5.17 ms, found 4 plugins.
Preloading 0 native plugins for Editor in 0.00 ms.
Unloading 3915 Unused Serialized files (Serialized files now loaded: 0)
Unloading 27 unused Assets / (192.4 KB). Loaded Objects now: 4385.
Memory consumption went from 152.0 MB to 151.8 MB.
Total: 4.866800 ms (FindLiveObjects: 0.411800 ms CreateObjectMapping: 0.485100 ms MarkObjects: 3.735500 ms  DeleteObjects: 0.232700 ms)

AssetImportParameters requested are different than current active one (requested -> active):
  custom:video-decoder-ogg-theora: a1e56fd34408186e4bbccfd4996cb3dc -> 
  custom:container-muxer-webm: aa71ff27fc2769a1b78a27578f13a17b -> 
  custom:container-demuxer-webm: 4f35f7cbe854078d1ac9338744f61a02 -> 
  custom:video-encoder-webm-vp8: eb34c28f22e8b96e1ab97ce403110664 -> 
  custom:video-codec-MediaFoundation-h265: 746d11721c4dcdbdad8f713fa42b33f4 -> 
  custom:audio-encoder-webm-vorbis: bf7c407c2cedff20999df2af8eb42d56 -> 
  custom:framework-win-MediaFoundation: 216162199b28c13a410421893ffa2e32 -> 
  custom:container-demuxer-ogg: 62fdf1f143b41e24485cea50d1cbac27 -> 
  custom:video-decoder-webm-vp8: 9c59270c3fd7afecdb556c50c9e8de78 -> 
  custom:audio-decoder-ogg-vorbis: bf7c407c2cedff20999df2af8eb42d56 -> 
