Using pre-set license
Built from '2021.3/staging' branch; Version is '2021.3.1f1 (3b70a0754835) revision 3895456'; Using compiler version '192829333'; Build Type 'Release'
OS: 'Windows 10  (10.0.19044) 64bit Core' Language: 'es' Physical Memory: 16348 MB
BatchMode: 1, IsHumanControllingUs: 0, StartBugReporterOnCrash: 0, Is64bit: 1, IsPro: 1

COMMAND LINE ARGUMENTS:
C:\Program Files\Unity\Hub\Editor\2021.3.1f1\Editor\Unity.exe
-adb2
-batchMode
-noUpm
-name
AssetImportWorker0
-projectPath
C:/Users/fsara/OneDrive/Desktop/repos/My project (1)
-logFile
Logs/AssetImportWorker0.log
-srvPort
63482
Successfully changed project path to: C:/Users/fsara/OneDrive/Desktop/repos/My project (1)
C:/Users/fsara/OneDrive/Desktop/repos/My project (1)
[UnityMemory] Configuration Parameters - Can be set up in boot.config
    "memorysetup-bucket-allocator-granularity=16"
    "memorysetup-bucket-allocator-bucket-count=8"
    "memorysetup-bucket-allocator-block-size=33554432"
    "memorysetup-bucket-allocator-block-count=8"
    "memorysetup-main-allocator-block-size=16777216"
    "memorysetup-thread-allocator-block-size=16777216"
    "memorysetup-gfx-main-allocator-block-size=16777216"
    "memorysetup-gfx-thread-allocator-block-size=16777216"
    "memorysetup-cache-allocator-block-size=4194304"
    "memorysetup-typetree-allocator-block-size=2097152"
    "memorysetup-profiler-bucket-allocator-granularity=16"
    "memorysetup-profiler-bucket-allocator-bucket-count=8"
    "memorysetup-profiler-bucket-allocator-block-size=33554432"
    "memorysetup-profiler-bucket-allocator-block-count=8"
    "memorysetup-profiler-allocator-block-size=16777216"
    "memorysetup-profiler-editor-allocator-block-size=1048576"
    "memorysetup-temp-allocator-size-main=16777216"
    "memorysetup-job-temp-allocator-block-size=2097152"
    "memorysetup-job-temp-allocator-block-size-background=1048576"
    "memorysetup-job-temp-allocator-reduction-small-platforms=262144"
    "memorysetup-temp-allocator-size-background-worker=32768"
    "memorysetup-temp-allocator-size-job-worker=262144"
    "memorysetup-temp-allocator-size-preload-manager=33554432"
    "memorysetup-temp-allocator-size-nav-mesh-worker=65536"
    "memorysetup-temp-allocator-size-audio-worker=65536"
    "memorysetup-temp-allocator-size-cloud-worker=32768"
    "memorysetup-temp-allocator-size-gi-baking-worker=262144"
    "memorysetup-temp-allocator-size-gfx=262144"
Refreshing native plugins compatible for Editor in 90.99 ms, found 4 plugins.
Preloading 0 native plugins for Editor in 0.00 ms.
Initialize engine version: 2021.3.1f1 (3b70a0754835)
[Subsystems] Discovering subsystems at path C:/Program Files/Unity/Hub/Editor/2021.3.1f1/Editor/Data/Resources/UnitySubsystems
[Subsystems] Discovering subsystems at path C:/Users/fsara/OneDrive/Desktop/repos/My project (1)/Assets
GfxDevice: creating device client; threaded=0; jobified=0
Direct3D:
    Version:  Direct3D 11.0 [level 11.1]
    Renderer: Radeon RX 590 Series (ID=0x67df)
    Vendor:   ATI
    VRAM:     8171 MB
    Driver:   30.0.13023.4001
Initialize mono
Mono path[0] = 'C:/Program Files/Unity/Hub/Editor/2021.3.1f1/Editor/Data/Managed'
Mono path[1] = 'C:/Program Files/Unity/Hub/Editor/2021.3.1f1/Editor/Data/MonoBleedingEdge/lib/mono/unityjit-win32'
Mono config path = 'C:/Program Files/Unity/Hub/Editor/2021.3.1f1/Editor/Data/MonoBleedingEdge/etc'
Using monoOptions --debugger-agent=transport=dt_socket,embedding=1,server=y,suspend=n,address=127.0.0.1:56568
Begin MonoManager ReloadAssembly
Registering precompiled unity dll's ...
Register platform support module: C:/Program Files/Unity/Hub/Editor/2021.3.1f1/Editor/Data/PlaybackEngines/WebGLSupport/UnityEditor.WebGL.Extensions.dll
Register platform support module: C:/Program Files/Unity/Hub/Editor/2021.3.1f1/Editor/Data/PlaybackEngines/WindowsStandaloneSupport/UnityEditor.WindowsStandalone.Extensions.dll
Registered in 0.009652 seconds.
Native extension for WindowsStandalone target not found
Native extension for WebGL target not found
Refreshing native plugins compatible for Editor in 89.71 ms, found 4 plugins.
Preloading 0 native plugins for Editor in 0.00 ms.
Mono: successfully reloaded assembly
- Completed reload, in  0.652 seconds
Domain Reload Profiling:
	ReloadAssembly (652ms)
		BeginReloadAssembly (74ms)
			ExecutionOrderSort (0ms)
			DisableScriptedObjects (0ms)
			BackupInstance (0ms)
			ReleaseScriptingObjects (0ms)
			CreateAndSetChildDomain (1ms)
		EndReloadAssembly (463ms)
			LoadAssemblies (72ms)
			RebuildTransferFunctionScriptingTraits (0ms)
			SetupTypeCache (111ms)
			ReleaseScriptCaches (0ms)
			RebuildScriptCaches (28ms)
			SetupLoadedEditorAssemblies (271ms)
				LogAssemblyErrors (0ms)
				InitializePlatformSupportModulesInManaged (10ms)
				SetLoadedEditorAssemblies (0ms)
				RefreshPlugins (90ms)
				BeforeProcessingInitializeOnLoad (1ms)
				ProcessInitializeOnLoadAttributes (125ms)
				ProcessInitializeOnLoadMethodAttributes (45ms)
				AfterProcessingInitializeOnLoad (0ms)
				EditorAssembliesLoaded (0ms)
			ExecutionOrderSort2 (0ms)
			AwakeInstancesAfterBackupRestoration (0ms)
Platform modules already initialized, skipping
Registering precompiled user dll's ...
Registered in 0.006895 seconds.
Begin MonoManager ReloadAssembly
Symbol file LoadedFromMemory doesn't match image C:\Users\fsara\OneDrive\Desktop\repos\My project (1)\Library\PackageCache\com.unity.visualscripting@1.7.6\Editor\VisualScripting.Core\Dependencies\YamlDotNet\Unity.VisualScripting.YamlDotNet.dll
Symbol file LoadedFromMemory is not a mono symbol file
Symbol file LoadedFromMemory doesn't match image C:\Users\fsara\OneDrive\Desktop\repos\My project (1)\Library\PackageCache\com.unity.visualscripting@1.7.6\Editor\VisualScripting.Core\Dependencies\DotNetZip\Unity.VisualScripting.IonicZip.dll
Native extension for WindowsStandalone target not found
Native extension for WebGL target not found
Refreshing native plugins compatible for Editor in 93.06 ms, found 4 plugins.
Preloading 0 native plugins for Editor in 0.00 ms.
Mono: successfully reloaded assembly
- Completed reload, in  1.200 seconds
Domain Reload Profiling:
	ReloadAssembly (1201ms)
		BeginReloadAssembly (123ms)
			ExecutionOrderSort (0ms)
			DisableScriptedObjects (6ms)
			BackupInstance (0ms)
			ReleaseScriptingObjects (0ms)
			CreateAndSetChildDomain (19ms)
		EndReloadAssembly (960ms)
			LoadAssemblies (107ms)
			RebuildTransferFunctionScriptingTraits (0ms)
			SetupTypeCache (262ms)
			ReleaseScriptCaches (1ms)
			RebuildScriptCaches (62ms)
			SetupLoadedEditorAssemblies (487ms)
				LogAssemblyErrors (0ms)
				InitializePlatformSupportModulesInManaged (7ms)
				SetLoadedEditorAssemblies (0ms)
				RefreshPlugins (93ms)
				BeforeProcessingInitializeOnLoad (100ms)
				ProcessInitializeOnLoadAttributes (232ms)
				ProcessInitializeOnLoadMethodAttributes (44ms)
				AfterProcessingInitializeOnLoad (10ms)
				EditorAssembliesLoaded (0ms)
			ExecutionOrderSort2 (0ms)
			AwakeInstancesAfterBackupRestoration (7ms)
Platform modules already initialized, skipping
========================================================================
Worker process is ready to serve import requests
Launched and connected shader compiler UnityShaderCompiler.exe after 0.08 seconds
Refreshing native plugins compatible for Editor in 0.65 ms, found 4 plugins.
Preloading 0 native plugins for Editor in 0.00 ms.
Unloading 3918 Unused Serialized files (Serialized files now loaded: 0)
Unloading 40 unused Assets / (225.5 KB). Loaded Objects now: 4371.
Memory consumption went from 147.2 MB to 147.0 MB.
Total: 2.909300 ms (FindLiveObjects: 0.313300 ms CreateObjectMapping: 0.239600 ms MarkObjects: 2.213900 ms  DeleteObjects: 0.141700 ms)

AssetImportParameters requested are different than current active one (requested -> active):
  custom:video-decoder-ogg-theora: a1e56fd34408186e4bbccfd4996cb3dc -> 
  custom:container-muxer-webm: aa71ff27fc2769a1b78a27578f13a17b -> 
  custom:container-demuxer-webm: 4f35f7cbe854078d1ac9338744f61a02 -> 
  custom:video-encoder-webm-vp8: eb34c28f22e8b96e1ab97ce403110664 -> 
  custom:audio-encoder-webm-vorbis: bf7c407c2cedff20999df2af8eb42d56 -> 
  custom:framework-win-MediaFoundation: 216162199b28c13a410421893ffa2e32 -> 
  custom:container-demuxer-ogg: 62fdf1f143b41e24485cea50d1cbac27 -> 
  custom:video-decoder-webm-vp8: 9c59270c3fd7afecdb556c50c9e8de78 -> 
  custom:audio-decoder-ogg-vorbis: bf7c407c2cedff20999df2af8eb42d56 -> 
========================================================================
Received Import Request.
  Time since last request: 2720521.099868 seconds.
  path: Assets/Scripts/Camera
  artifactKey: Guid(5b3c1b026feebfb44b97aeb4416d06d5) Importer(815301076,1909f56bfc062723c751e8b465ee728b)
Start importing Assets/Scripts/Camera using Guid(5b3c1b026feebfb44b97aeb4416d06d5) Importer(815301076,1909f56bfc062723c751e8b465ee728b)  -> (artifact id: '255379ccba52f8796eb542a844c6104a') in 0.013424 seconds 
========================================================================
Received Prepare
Registering precompiled user dll's ...
Registered in 0.006554 seconds.
Begin MonoManager ReloadAssembly
Symbol file LoadedFromMemory doesn't match image C:\Users\fsara\OneDrive\Desktop\repos\My project (1)\Library\PackageCache\com.unity.visualscripting@1.7.6\Editor\VisualScripting.Core\Dependencies\YamlDotNet\Unity.VisualScripting.YamlDotNet.dll
Symbol file LoadedFromMemory is not a mono symbol file
Symbol file LoadedFromMemory doesn't match image C:\Users\fsara\OneDrive\Desktop\repos\My project (1)\Library\PackageCache\com.unity.visualscripting@1.7.6\Editor\VisualScripting.Core\Dependencies\DotNetZip\Unity.VisualScripting.IonicZip.dll
Native extension for WindowsStandalone target not found
Native extension for WebGL target not found
Refreshing native plugins compatible for Editor in 0.66 ms, found 4 plugins.
Preloading 0 native plugins for Editor in 0.00 ms.
Mono: successfully reloaded assembly
- Completed reload, in  0.943 seconds
Domain Reload Profiling:
	ReloadAssembly (944ms)
		BeginReloadAssembly (129ms)
			ExecutionOrderSort (0ms)
			DisableScriptedObjects (10ms)
			BackupInstance (0ms)
			ReleaseScriptingObjects (0ms)
			CreateAndSetChildDomain (34ms)
		EndReloadAssembly (720ms)
			LoadAssemblies (89ms)
			RebuildTransferFunctionScriptingTraits (0ms)
			SetupTypeCache (225ms)
			ReleaseScriptCaches (1ms)
			RebuildScriptCaches (43ms)
			SetupLoadedEditorAssemblies (316ms)
				LogAssemblyErrors (0ms)
				InitializePlatformSupportModulesInManaged (14ms)
				SetLoadedEditorAssemblies (0ms)
				RefreshPlugins (1ms)
				BeforeProcessingInitializeOnLoad (74ms)
				ProcessInitializeOnLoadAttributes (186ms)
				ProcessInitializeOnLoadMethodAttributes (33ms)
				AfterProcessingInitializeOnLoad (8ms)
				EditorAssembliesLoaded (0ms)
			ExecutionOrderSort2 (0ms)
			AwakeInstancesAfterBackupRestoration (9ms)
Platform modules already initialized, skipping
Refreshing native plugins compatible for Editor in 2.29 ms, found 4 plugins.
Preloading 0 native plugins for Editor in 0.00 ms.
Unloading 3913 Unused Serialized files (Serialized files now loaded: 0)
Unloading 27 unused Assets / (192.4 KB). Loaded Objects now: 4374.
Memory consumption went from 147.2 MB to 147.0 MB.
Total: 2.956800 ms (FindLiveObjects: 0.288200 ms CreateObjectMapping: 0.217700 ms MarkObjects: 2.313700 ms  DeleteObjects: 0.136200 ms)

AssetImportParameters requested are different than current active one (requested -> active):
  custom:video-decoder-ogg-theora: a1e56fd34408186e4bbccfd4996cb3dc -> 
  custom:container-muxer-webm: aa71ff27fc2769a1b78a27578f13a17b -> 
  custom:container-demuxer-webm: 4f35f7cbe854078d1ac9338744f61a02 -> 
  custom:video-encoder-webm-vp8: eb34c28f22e8b96e1ab97ce403110664 -> 
  custom:audio-encoder-webm-vorbis: bf7c407c2cedff20999df2af8eb42d56 -> 
  custom:framework-win-MediaFoundation: 216162199b28c13a410421893ffa2e32 -> 
  custom:container-demuxer-ogg: 62fdf1f143b41e24485cea50d1cbac27 -> 
  custom:video-decoder-webm-vp8: 9c59270c3fd7afecdb556c50c9e8de78 -> 
  custom:audio-decoder-ogg-vorbis: bf7c407c2cedff20999df2af8eb42d56 -> 
========================================================================
Received Import Request.
  Time since last request: 22.156929 seconds.
  path: Assets/PreFabs/RockPrefab.prefab
  artifactKey: Guid(edd513a6144923f48aabfa4f674940b7) Importer(815301076,1909f56bfc062723c751e8b465ee728b)
Start importing Assets/PreFabs/RockPrefab.prefab using Guid(edd513a6144923f48aabfa4f674940b7) Importer(815301076,1909f56bfc062723c751e8b465ee728b)  -> (artifact id: '23367165216c36649c7b3c8e4175cc18') in 0.125984 seconds 
========================================================================
Received Import Request.
  Time since last request: 2.480623 seconds.
  path: Assets/Palettes/tilesetOpenGame-removebg-preview_0.asset
  artifactKey: Guid(4f420a05c0ef94643848b66ff5b9e6c3) Importer(815301076,1909f56bfc062723c751e8b465ee728b)
Start importing Assets/Palettes/tilesetOpenGame-removebg-preview_0.asset using Guid(4f420a05c0ef94643848b66ff5b9e6c3) Importer(815301076,1909f56bfc062723c751e8b465ee728b)  -> (artifact id: '954ab162da78f7137ec94a85605d1889') in 0.027523 seconds 
========================================================================
Received Import Request.
  Time since last request: 0.000018 seconds.
  path: Assets/Palettes/tilesetOpenGame-removebg-preview_25.asset
  artifactKey: Guid(9351eb86fc3093d4c908dfd5d9e14f6a) Importer(815301076,1909f56bfc062723c751e8b465ee728b)
Start importing Assets/Palettes/tilesetOpenGame-removebg-preview_25.asset using Guid(9351eb86fc3093d4c908dfd5d9e14f6a) Importer(815301076,1909f56bfc062723c751e8b465ee728b)  -> (artifact id: 'e173be4ab193d5211246c6df4ef63e32') in 0.014191 seconds 
========================================================================
Received Import Request.
  Time since last request: 0.000021 seconds.
  path: Assets/Palettes/tilesetOpenGame-removebg-preview_18.asset
  artifactKey: Guid(68491bef85e70c648be8ab321168bfc2) Importer(815301076,1909f56bfc062723c751e8b465ee728b)
Start importing Assets/Palettes/tilesetOpenGame-removebg-preview_18.asset using Guid(68491bef85e70c648be8ab321168bfc2) Importer(815301076,1909f56bfc062723c751e8b465ee728b)  -> (artifact id: 'ade3e6b40b83ec55c1678858899759d9') in 0.016322 seconds 
========================================================================
Received Import Request.
  Time since last request: 0.000019 seconds.
  path: Assets/Palettes/tilesetOpenGame-removebg-preview_12.asset
  artifactKey: Guid(03921077c04219a4581631106d8e8a9c) Importer(815301076,1909f56bfc062723c751e8b465ee728b)
Start importing Assets/Palettes/tilesetOpenGame-removebg-preview_12.asset using Guid(03921077c04219a4581631106d8e8a9c) Importer(815301076,1909f56bfc062723c751e8b465ee728b)  -> (artifact id: '7579ff372478019fa2490554080f8bf0') in 0.019163 seconds 
========================================================================
Received Import Request.
  Time since last request: 0.000022 seconds.
  path: Assets/Palettes/tilesetOpenGame-removebg-preview_29.asset
  artifactKey: Guid(9d6a17e079298594aae8731c9abd15a6) Importer(815301076,1909f56bfc062723c751e8b465ee728b)
Start importing Assets/Palettes/tilesetOpenGame-removebg-preview_29.asset using Guid(9d6a17e079298594aae8731c9abd15a6) Importer(815301076,1909f56bfc062723c751e8b465ee728b)  -> (artifact id: 'fe5493e2ca2c65ae38720b578282326e') in 0.011802 seconds 
========================================================================
Received Import Request.
  Time since last request: 0.000018 seconds.
  path: Assets/Palettes/tilesetOpenGame-removebg-preview_15.asset
  artifactKey: Guid(46e956329d3de1945b246711bb5b61a3) Importer(815301076,1909f56bfc062723c751e8b465ee728b)
Start importing Assets/Palettes/tilesetOpenGame-removebg-preview_15.asset using Guid(46e956329d3de1945b246711bb5b61a3) Importer(815301076,1909f56bfc062723c751e8b465ee728b)  -> (artifact id: '49616c4742b578f51cf70b9da8ca90ac') in 0.013550 seconds 
========================================================================
Received Import Request.
  Time since last request: 0.000068 seconds.
  path: Assets/Palettes/tilesetOpenGame-removebg-preview_27.asset
  artifactKey: Guid(ac04888207dd8784d8c784adf089eb42) Importer(815301076,1909f56bfc062723c751e8b465ee728b)
Start importing Assets/Palettes/tilesetOpenGame-removebg-preview_27.asset using Guid(ac04888207dd8784d8c784adf089eb42) Importer(815301076,1909f56bfc062723c751e8b465ee728b)  -> (artifact id: 'd3313450205aba0b8860e117e1beafed') in 0.013038 seconds 
========================================================================
Received Import Request.
  Time since last request: 0.000057 seconds.
  path: Assets/Palettes/tilesetOpenGame-removebg-preview_8.asset
  artifactKey: Guid(0dbf127b37a4f674489fed65907a6317) Importer(815301076,1909f56bfc062723c751e8b465ee728b)
Start importing Assets/Palettes/tilesetOpenGame-removebg-preview_8.asset using Guid(0dbf127b37a4f674489fed65907a6317) Importer(815301076,1909f56bfc062723c751e8b465ee728b)  -> (artifact id: '86cdd6534781812f2dcda818c1acc36e') in 0.017566 seconds 
========================================================================
Received Import Request.
  Time since last request: 0.000025 seconds.
  path: Assets/Palettes/tilesetOpenGame-removebg-preview_7.asset
  artifactKey: Guid(dcc4bf4ac24606846b2d36dc631703ba) Importer(815301076,1909f56bfc062723c751e8b465ee728b)
Start importing Assets/Palettes/tilesetOpenGame-removebg-preview_7.asset using Guid(dcc4bf4ac24606846b2d36dc631703ba) Importer(815301076,1909f56bfc062723c751e8b465ee728b)  -> (artifact id: '3a0059fbc1e5e6f7d2db47168548c08a') in 0.013597 seconds 
========================================================================
Received Import Request.
  Time since last request: 0.000019 seconds.
  path: Assets/Palettes/tilesetOpenGame-removebg-preview_1.asset
  artifactKey: Guid(2177fa8ef0d93d245aa4919c3a56b6c0) Importer(815301076,1909f56bfc062723c751e8b465ee728b)
Start importing Assets/Palettes/tilesetOpenGame-removebg-preview_1.asset using Guid(2177fa8ef0d93d245aa4919c3a56b6c0) Importer(815301076,1909f56bfc062723c751e8b465ee728b)  -> (artifact id: 'e41154ebfcbf5024cd9596540a6f6598') in 0.012205 seconds 
========================================================================
Received Import Request.
  Time since last request: 0.000020 seconds.
  path: Assets/Palettes/tilesetOpenGame-removebg-preview_23.asset
  artifactKey: Guid(010ac151358999a4d8e2c5ea9dad0267) Importer(815301076,1909f56bfc062723c751e8b465ee728b)
Start importing Assets/Palettes/tilesetOpenGame-removebg-preview_23.asset using Guid(010ac151358999a4d8e2c5ea9dad0267) Importer(815301076,1909f56bfc062723c751e8b465ee728b)  -> (artifact id: '704f91a94fef26691c8447b125c98918') in 0.014674 seconds 
========================================================================
Received Import Request.
  Time since last request: 0.000022 seconds.
  path: Assets/Palettes/tilesetOpenGame-removebg-preview_31.asset
  artifactKey: Guid(579b229f9097a3c4db8b51cc9d672ed6) Importer(815301076,1909f56bfc062723c751e8b465ee728b)
Start importing Assets/Palettes/tilesetOpenGame-removebg-preview_31.asset using Guid(579b229f9097a3c4db8b51cc9d672ed6) Importer(815301076,1909f56bfc062723c751e8b465ee728b)  -> (artifact id: '86543865490cffcd47d60150aa7c6cfe') in 0.013898 seconds 
========================================================================
Received Import Request.
  Time since last request: 0.000019 seconds.
  path: Assets/Palettes/tilesetOpenGame-removebg-preview_21.asset
  artifactKey: Guid(6cab35680d656de43b1f7d353bcafadc) Importer(815301076,1909f56bfc062723c751e8b465ee728b)
Start importing Assets/Palettes/tilesetOpenGame-removebg-preview_21.asset using Guid(6cab35680d656de43b1f7d353bcafadc) Importer(815301076,1909f56bfc062723c751e8b465ee728b)  -> (artifact id: '5410696edfc282de7a900da1533b50fd') in 0.013897 seconds 
========================================================================
Received Import Request.
  Time since last request: 0.000017 seconds.
  path: Assets/Palettes/tilesetOpenGame-removebg-preview_35.asset
  artifactKey: Guid(55f22cc9a28f9ba409149786395881ab) Importer(815301076,1909f56bfc062723c751e8b465ee728b)
Start importing Assets/Palettes/tilesetOpenGame-removebg-preview_35.asset using Guid(55f22cc9a28f9ba409149786395881ab) Importer(815301076,1909f56bfc062723c751e8b465ee728b)  -> (artifact id: '92de16fb5180cdd05fbf3b7deb5f3bf0') in 0.014592 seconds 
========================================================================
Received Import Request.
  Time since last request: 0.000017 seconds.
  path: Assets/Palettes/tilesetOpenGame-removebg-preview_19.asset
  artifactKey: Guid(2a2b0a9a47caaec418abc592ce7ebb4a) Importer(815301076,1909f56bfc062723c751e8b465ee728b)
Start importing Assets/Palettes/tilesetOpenGame-removebg-preview_19.asset using Guid(2a2b0a9a47caaec418abc592ce7ebb4a) Importer(815301076,1909f56bfc062723c751e8b465ee728b)  -> (artifact id: '04678b76ef5426283c84c98d883e28f7') in 0.013640 seconds 
========================================================================
Received Import Request.
  Time since last request: 0.000015 seconds.
  path: Assets/Palettes/tilesetOpenGame-removebg-preview_28.asset
  artifactKey: Guid(bbf15b13544aff5438ae12161c0051ff) Importer(815301076,1909f56bfc062723c751e8b465ee728b)
Start importing Assets/Palettes/tilesetOpenGame-removebg-preview_28.asset using Guid(bbf15b13544aff5438ae12161c0051ff) Importer(815301076,1909f56bfc062723c751e8b465ee728b)  -> (artifact id: '72717d649670702ed547dbff02201521') in 0.015457 seconds 
========================================================================
Received Import Request.
  Time since last request: 0.000033 seconds.
  path: Assets/Palettes/tilesetOpenGame-removebg-preview_36.asset
  artifactKey: Guid(7b6bbf2462ed2734d920ff1a054af8a9) Importer(815301076,1909f56bfc062723c751e8b465ee728b)
Start importing Assets/Palettes/tilesetOpenGame-removebg-preview_36.asset using Guid(7b6bbf2462ed2734d920ff1a054af8a9) Importer(815301076,1909f56bfc062723c751e8b465ee728b)  -> (artifact id: '53a988560e0f4bbf5f3482e988618054') in 0.013363 seconds 
========================================================================
Received Import Request.
  Time since last request: 0.000023 seconds.
  path: Assets/Palettes/tilesetOpenGame-removebg-preview_13.asset
  artifactKey: Guid(da93f220eaa988649b6b61aa3aef3779) Importer(815301076,1909f56bfc062723c751e8b465ee728b)
Start importing Assets/Palettes/tilesetOpenGame-removebg-preview_13.asset using Guid(da93f220eaa988649b6b61aa3aef3779) Importer(815301076,1909f56bfc062723c751e8b465ee728b)  -> (artifact id: '2554b04a24b8f682b151210191fb5be2') in 0.015991 seconds 
========================================================================
Received Import Request.
  Time since last request: 0.000017 seconds.
  path: Assets/Palettes/tilesetOpenGame-removebg-preview_9.asset
  artifactKey: Guid(f0c976dc2143cd247854b017968ed2cc) Importer(815301076,1909f56bfc062723c751e8b465ee728b)
Start importing Assets/Palettes/tilesetOpenGame-removebg-preview_9.asset using Guid(f0c976dc2143cd247854b017968ed2cc) Importer(815301076,1909f56bfc062723c751e8b465ee728b)  -> (artifact id: '800f471b27a15d37568f63b92b55eb55') in 0.014129 seconds 
========================================================================
Received Import Request.
  Time since last request: 0.000024 seconds.
  path: Assets/Palettes/tilesetOpenGame-removebg-preview_10.asset
  artifactKey: Guid(70b8fe5c6e8d80b46af14c35d3a6d30f) Importer(815301076,1909f56bfc062723c751e8b465ee728b)
Start importing Assets/Palettes/tilesetOpenGame-removebg-preview_10.asset using Guid(70b8fe5c6e8d80b46af14c35d3a6d30f) Importer(815301076,1909f56bfc062723c751e8b465ee728b)  -> (artifact id: '87c4f4e7be78d1f36371351ec950b67b') in 0.013633 seconds 
========================================================================
Received Import Request.
  Time since last request: 0.000027 seconds.
  path: Assets/Palettes/tilesetOpenGame-removebg-preview_32.asset
  artifactKey: Guid(d8a6509c9cce07740af6ca6c18772f32) Importer(815301076,1909f56bfc062723c751e8b465ee728b)
Start importing Assets/Palettes/tilesetOpenGame-removebg-preview_32.asset using Guid(d8a6509c9cce07740af6ca6c18772f32) Importer(815301076,1909f56bfc062723c751e8b465ee728b)  -> (artifact id: '3e834f718e7c62269c212cb22b182c44') in 0.012738 seconds 
========================================================================
Received Import Request.
  Time since last request: 0.000021 seconds.
  path: Assets/Palettes/tilesetOpenGame-removebg-preview_2.asset
  artifactKey: Guid(6689945d643ba0e4db2ddb0bb4d8d455) Importer(815301076,1909f56bfc062723c751e8b465ee728b)
Start importing Assets/Palettes/tilesetOpenGame-removebg-preview_2.asset using Guid(6689945d643ba0e4db2ddb0bb4d8d455) Importer(815301076,1909f56bfc062723c751e8b465ee728b)  -> (artifact id: 'aad559a29d218145d2e96e6efb7a3067') in 0.014845 seconds 
========================================================================
Received Import Request.
  Time since last request: 0.000016 seconds.
  path: Assets/Palettes/tilesetOpenGame-removebg-preview_11.asset
  artifactKey: Guid(72a5079eaed40a543a93ae60855eccf9) Importer(815301076,1909f56bfc062723c751e8b465ee728b)
Start importing Assets/Palettes/tilesetOpenGame-removebg-preview_11.asset using Guid(72a5079eaed40a543a93ae60855eccf9) Importer(815301076,1909f56bfc062723c751e8b465ee728b)  -> (artifact id: '28ff326f445ddc907b5952e93ae19c78') in 0.012707 seconds 
========================================================================
Received Import Request.
  Time since last request: 0.000017 seconds.
  path: Assets/Palettes/tilesetOpenGame-removebg-preview_3.asset
  artifactKey: Guid(10f5c8a2fa249564fa5d73b97528c237) Importer(815301076,1909f56bfc062723c751e8b465ee728b)
Start importing Assets/Palettes/tilesetOpenGame-removebg-preview_3.asset using Guid(10f5c8a2fa249564fa5d73b97528c237) Importer(815301076,1909f56bfc062723c751e8b465ee728b)  -> (artifact id: '25fa425a621ceac83dfeb4f3d134db95') in 0.014378 seconds 
========================================================================
Received Import Request.
  Time since last request: 0.000017 seconds.
  path: Assets/Palettes/tilesetOpenGame-removebg-preview_34.asset
  artifactKey: Guid(1906b85b929b025439717227049fe047) Importer(815301076,1909f56bfc062723c751e8b465ee728b)
Start importing Assets/Palettes/tilesetOpenGame-removebg-preview_34.asset using Guid(1906b85b929b025439717227049fe047) Importer(815301076,1909f56bfc062723c751e8b465ee728b)  -> (artifact id: 'ace5804be7fab7298c88dd5beddb90f0') in 0.012790 seconds 
========================================================================
Received Import Request.
  Time since last request: 0.000024 seconds.
  path: Assets/Palettes/tilesetOpenGame-removebg-preview_26.asset
  artifactKey: Guid(8976e47536088f04bb234d43d562ee15) Importer(815301076,1909f56bfc062723c751e8b465ee728b)
Start importing Assets/Palettes/tilesetOpenGame-removebg-preview_26.asset using Guid(8976e47536088f04bb234d43d562ee15) Importer(815301076,1909f56bfc062723c751e8b465ee728b)  -> (artifact id: '3d816768236f98bdfb9af3f42b204ba4') in 0.012457 seconds 
========================================================================
Received Import Request.
  Time since last request: 0.000019 seconds.
  path: Assets/Palettes/tilesetOpenGame-removebg-preview_4.asset
  artifactKey: Guid(778067c51d154054484f9009cf872bb0) Importer(815301076,1909f56bfc062723c751e8b465ee728b)
Start importing Assets/Palettes/tilesetOpenGame-removebg-preview_4.asset using Guid(778067c51d154054484f9009cf872bb0) Importer(815301076,1909f56bfc062723c751e8b465ee728b)  -> (artifact id: '2f208fe971551b261df0bfada1616047') in 0.014144 seconds 
========================================================================
Received Import Request.
  Time since last request: 0.000017 seconds.
  path: Assets/Palettes/tilesetOpenGame-removebg-preview_20.asset
  artifactKey: Guid(fc24af758a53fac4dbd1433c5a098bd5) Importer(815301076,1909f56bfc062723c751e8b465ee728b)
Start importing Assets/Palettes/tilesetOpenGame-removebg-preview_20.asset using Guid(fc24af758a53fac4dbd1433c5a098bd5) Importer(815301076,1909f56bfc062723c751e8b465ee728b)  -> (artifact id: 'e13867de3dfceb6e8eff01f78bb23d34') in 0.014149 seconds 
========================================================================
Received Import Request.
  Time since last request: 0.000131 seconds.
  path: Assets/Palettes/tilesetOpenGame-removebg-preview_30.asset
  artifactKey: Guid(1a987051e7af2aa40872db45251afd8b) Importer(815301076,1909f56bfc062723c751e8b465ee728b)
Start importing Assets/Palettes/tilesetOpenGame-removebg-preview_30.asset using Guid(1a987051e7af2aa40872db45251afd8b) Importer(815301076,1909f56bfc062723c751e8b465ee728b)  -> (artifact id: 'bbc5d271850676909fd510bb556c8cf4') in 0.012130 seconds 
========================================================================
Received Import Request.
  Time since last request: 0.000024 seconds.
  path: Assets/Palettes/tilesetOpenGame-removebg-preview_24.asset
  artifactKey: Guid(ee824a5873c12184db5fa40756d098c3) Importer(815301076,1909f56bfc062723c751e8b465ee728b)
Start importing Assets/Palettes/tilesetOpenGame-removebg-preview_24.asset using Guid(ee824a5873c12184db5fa40756d098c3) Importer(815301076,1909f56bfc062723c751e8b465ee728b)  -> (artifact id: '08dba0a2bf9c9f726eaa888eaa87ce28') in 0.013640 seconds 
========================================================================
Received Import Request.
  Time since last request: 0.000023 seconds.
  path: Assets/Palettes/tilesetOpenGame-removebg-preview_17.asset
  artifactKey: Guid(4176b4e5f2a078e4da3a7bbaa67bdd16) Importer(815301076,1909f56bfc062723c751e8b465ee728b)
Start importing Assets/Palettes/tilesetOpenGame-removebg-preview_17.asset using Guid(4176b4e5f2a078e4da3a7bbaa67bdd16) Importer(815301076,1909f56bfc062723c751e8b465ee728b)  -> (artifact id: '936d3cdb81d4c6935a1d11a8dea4d858') in 0.013552 seconds 
========================================================================
Received Import Request.
  Time since last request: 0.000022 seconds.
  path: Assets/Palettes/tilesetOpenGame-removebg-preview_33.asset
  artifactKey: Guid(9fc9af9c8509e474e922ece3f153256e) Importer(815301076,1909f56bfc062723c751e8b465ee728b)
Start importing Assets/Palettes/tilesetOpenGame-removebg-preview_33.asset using Guid(9fc9af9c8509e474e922ece3f153256e) Importer(815301076,1909f56bfc062723c751e8b465ee728b)  -> (artifact id: '750a3491ab26313891c4f055b6dfe78e') in 0.013996 seconds 
========================================================================
Received Import Request.
  Time since last request: 0.000024 seconds.
  path: Assets/Palettes/tilesetOpenGame-removebg-preview_14.asset
  artifactKey: Guid(31a0f3fcb50657b458a28a7bca44bdb2) Importer(815301076,1909f56bfc062723c751e8b465ee728b)
Start importing Assets/Palettes/tilesetOpenGame-removebg-preview_14.asset using Guid(31a0f3fcb50657b458a28a7bca44bdb2) Importer(815301076,1909f56bfc062723c751e8b465ee728b)  -> (artifact id: 'f885ea85f859b1c0f4459e057a58cac0') in 0.013895 seconds 
========================================================================
Received Import Request.
  Time since last request: 0.000022 seconds.
  path: Assets/Palettes/tilesetOpenGame-removebg-preview_16.asset
  artifactKey: Guid(21b80f05e348f124aa21bc49577353cf) Importer(815301076,1909f56bfc062723c751e8b465ee728b)
Start importing Assets/Palettes/tilesetOpenGame-removebg-preview_16.asset using Guid(21b80f05e348f124aa21bc49577353cf) Importer(815301076,1909f56bfc062723c751e8b465ee728b)  -> (artifact id: '1cdec6177267e9751b33e30caad16045') in 0.011556 seconds 
========================================================================
Received Import Request.
  Time since last request: 0.000019 seconds.
  path: Assets/Palettes/tilesetOpenGame-removebg-preview_6.asset
  artifactKey: Guid(2e3688911343d0a46a4e7c34214e39fb) Importer(815301076,1909f56bfc062723c751e8b465ee728b)
Start importing Assets/Palettes/tilesetOpenGame-removebg-preview_6.asset using Guid(2e3688911343d0a46a4e7c34214e39fb) Importer(815301076,1909f56bfc062723c751e8b465ee728b)  -> (artifact id: '828654bc86fd166f43a4e9010dac9256') in 0.011498 seconds 
========================================================================
Received Import Request.
  Time since last request: 0.000020 seconds.
  path: Assets/Palettes/tilesetOpenGame-removebg-preview_22.asset
  artifactKey: Guid(9c9ffdb8f739ddd40af8e8e0b5364f57) Importer(815301076,1909f56bfc062723c751e8b465ee728b)
Start importing Assets/Palettes/tilesetOpenGame-removebg-preview_22.asset using Guid(9c9ffdb8f739ddd40af8e8e0b5364f57) Importer(815301076,1909f56bfc062723c751e8b465ee728b)  -> (artifact id: 'fc80e1d6508bd3e53b44f8a54465b234') in 0.012840 seconds 
========================================================================
Received Import Request.
  Time since last request: 0.000103 seconds.
  path: Assets/Palettes/tilesetOpenGame-removebg-preview_5.asset
  artifactKey: Guid(4bd1f1aeaeeafbc438824e20acc581bb) Importer(815301076,1909f56bfc062723c751e8b465ee728b)
Start importing Assets/Palettes/tilesetOpenGame-removebg-preview_5.asset using Guid(4bd1f1aeaeeafbc438824e20acc581bb) Importer(815301076,1909f56bfc062723c751e8b465ee728b)  -> (artifact id: '078cb207dd372bc2c8372be9cfe5009a') in 0.012216 seconds 
========================================================================
Received Import Request.
  Time since last request: 6.735533 seconds.
  path: Assets/Spritesheets/SpritesTemporales
  artifactKey: Guid(0bce68d6338c43c4aba1ec0aec38e8cf) Importer(815301076,1909f56bfc062723c751e8b465ee728b)
Start importing Assets/Spritesheets/SpritesTemporales using Guid(0bce68d6338c43c4aba1ec0aec38e8cf) Importer(815301076,1909f56bfc062723c751e8b465ee728b)  -> (artifact id: '32c193d774fcdcf2d3017bcab86db0f0') in 0.007011 seconds 
========================================================================
Received Import Request.
  Time since last request: 2.067598 seconds.
  path: Assets/Spritesheets/Backgrounds
  artifactKey: Guid(8cf422cfed63b4446b15cbb5738fe55f) Importer(815301076,1909f56bfc062723c751e8b465ee728b)
Start importing Assets/Spritesheets/Backgrounds using Guid(8cf422cfed63b4446b15cbb5738fe55f) Importer(815301076,1909f56bfc062723c751e8b465ee728b)  -> (artifact id: 'a6011019c27c3d46401090383532d74e') in 0.008395 seconds 
========================================================================
Received Import Request.
  Time since last request: 5.000896 seconds.
  path: Assets/Spritesheets
  artifactKey: Guid(ce56e55d895036644a9fa2a74acf8cd1) Importer(815301076,1909f56bfc062723c751e8b465ee728b)
Start importing Assets/Spritesheets using Guid(ce56e55d895036644a9fa2a74acf8cd1) Importer(815301076,1909f56bfc062723c751e8b465ee728b)  -> (artifact id: 'a810a0638dd0ab1be21299dd6034fe3c') in 0.011303 seconds 
========================================================================
Received Import Request.
  Time since last request: 5.021481 seconds.
  path: Assets/Spritesheets/Player
  artifactKey: Guid(754e2ae00ba545d42b80dba20fb8ca94) Importer(815301076,1909f56bfc062723c751e8b465ee728b)
Start importing Assets/Spritesheets/Player using Guid(754e2ae00ba545d42b80dba20fb8ca94) Importer(815301076,1909f56bfc062723c751e8b465ee728b)  -> (artifact id: 'ac49dbf06dc0a504ddf9868b7cdeba6b') in 0.010446 seconds 
========================================================================
Received Import Request.
  Time since last request: 171.571271 seconds.
  path: Assets/Spritesheets/GreenSlime.png
  artifactKey: Guid(b18a3ef4fc3e7c445b769b08f47fd686) Importer(815301076,1909f56bfc062723c751e8b465ee728b)
Start importing Assets/Spritesheets/GreenSlime.png using Guid(b18a3ef4fc3e7c445b769b08f47fd686) Importer(815301076,1909f56bfc062723c751e8b465ee728b)  -> (artifact id: '2526c82e1d3988cf93767ce56e2ce506') in 0.042648 seconds 
========================================================================
Received Import Request.
  Time since last request: 9.498239 seconds.
  path: Assets/Spritesheets/Mobs
  artifactKey: Guid(f7c1374d0c7c44748af5618cbba1b826) Importer(815301076,1909f56bfc062723c751e8b465ee728b)
Start importing Assets/Spritesheets/Mobs using Guid(f7c1374d0c7c44748af5618cbba1b826) Importer(815301076,1909f56bfc062723c751e8b465ee728b)  -> (artifact id: 'dfa37127cad388e2a366be1333a63ab1') in 0.010769 seconds 
========================================================================
Received Import Request.
  Time since last request: 9.901550 seconds.
  path: Assets/Spritesheets/Mobs/GreenSlime
  artifactKey: Guid(6060943377201f040b5d17157d5427cb) Importer(815301076,1909f56bfc062723c751e8b465ee728b)
Start importing Assets/Spritesheets/Mobs/GreenSlime using Guid(6060943377201f040b5d17157d5427cb) Importer(815301076,1909f56bfc062723c751e8b465ee728b)  -> (artifact id: '732ffb537dd8c5624188856f673ff48c') in 0.008054 seconds 
========================================================================
Received Import Request.
  Time since last request: 11.150190 seconds.
  path: Assets/Spritesheets/Mobs/GreenSlime/GreenSlime.png
  artifactKey: Guid(b18a3ef4fc3e7c445b769b08f47fd686) Importer(815301076,1909f56bfc062723c751e8b465ee728b)
Start importing Assets/Spritesheets/Mobs/GreenSlime/GreenSlime.png using Guid(b18a3ef4fc3e7c445b769b08f47fd686) Importer(815301076,1909f56bfc062723c751e8b465ee728b)  -> (artifact id: '6173a03a039cbb38a814562fb55d4755') in 0.017732 seconds 
========================================================================
Received Import Request.
  Time since last request: 69.382007 seconds.
  path: Assets/Spritesheets/Mobs/GreenSlime/GreenSlime.png
  artifactKey: Guid(b18a3ef4fc3e7c445b769b08f47fd686) Importer(815301076,1909f56bfc062723c751e8b465ee728b)
Start importing Assets/Spritesheets/Mobs/GreenSlime/GreenSlime.png using Guid(b18a3ef4fc3e7c445b769b08f47fd686) Importer(815301076,1909f56bfc062723c751e8b465ee728b)  -> (artifact id: '158eca3fc8cafe607f30fc5bdccf23d3') in 0.050319 seconds 
========================================================================
Received Prepare
Registering precompiled user dll's ...
Registered in 0.007366 seconds.
Begin MonoManager ReloadAssembly
Symbol file LoadedFromMemory doesn't match image C:\Users\fsara\OneDrive\Desktop\repos\My project (1)\Library\PackageCache\com.unity.visualscripting@1.7.6\Editor\VisualScripting.Core\Dependencies\YamlDotNet\Unity.VisualScripting.YamlDotNet.dll
Symbol file LoadedFromMemory is not a mono symbol file
Symbol file LoadedFromMemory doesn't match image C:\Users\fsara\OneDrive\Desktop\repos\My project (1)\Library\PackageCache\com.unity.visualscripting@1.7.6\Editor\VisualScripting.Core\Dependencies\DotNetZip\Unity.VisualScripting.IonicZip.dll
Native extension for WindowsStandalone target not found
Native extension for WebGL target not found
Refreshing native plugins compatible for Editor in 1.16 ms, found 4 plugins.
Preloading 0 native plugins for Editor in 0.00 ms.
Mono: successfully reloaded assembly
- Completed reload, in  1.905 seconds
Domain Reload Profiling:
	ReloadAssembly (1905ms)
		BeginReloadAssembly (273ms)
			ExecutionOrderSort (0ms)
			DisableScriptedObjects (12ms)
			BackupInstance (0ms)
			ReleaseScriptingObjects (0ms)
			CreateAndSetChildDomain (66ms)
		EndReloadAssembly (1423ms)
			LoadAssemblies (225ms)
			RebuildTransferFunctionScriptingTraits (0ms)
			SetupTypeCache (453ms)
			ReleaseScriptCaches (3ms)
			RebuildScriptCaches (105ms)
			SetupLoadedEditorAssemblies (591ms)
				LogAssemblyErrors (0ms)
				InitializePlatformSupportModulesInManaged (30ms)
				SetLoadedEditorAssemblies (1ms)
				RefreshPlugins (1ms)
				BeforeProcessingInitializeOnLoad (134ms)
				ProcessInitializeOnLoadAttributes (348ms)
				ProcessInitializeOnLoadMethodAttributes (61ms)
				AfterProcessingInitializeOnLoad (16ms)
				EditorAssembliesLoaded (0ms)
			ExecutionOrderSort2 (0ms)
			AwakeInstancesAfterBackupRestoration (18ms)
Platform modules already initialized, skipping
Refreshing native plugins compatible for Editor in 2.57 ms, found 4 plugins.
Preloading 0 native plugins for Editor in 0.00 ms.
Unloading 3913 Unused Serialized files (Serialized files now loaded: 0)
Unloading 27 unused Assets / (192.4 KB). Loaded Objects now: 4391.
Memory consumption went from 152.0 MB to 151.8 MB.
Total: 5.476900 ms (FindLiveObjects: 0.930400 ms CreateObjectMapping: 0.463500 ms MarkObjects: 3.933400 ms  DeleteObjects: 0.148600 ms)

AssetImportParameters requested are different than current active one (requested -> active):
  custom:video-decoder-ogg-theora: a1e56fd34408186e4bbccfd4996cb3dc -> 
  custom:container-muxer-webm: aa71ff27fc2769a1b78a27578f13a17b -> 
  custom:container-demuxer-webm: 4f35f7cbe854078d1ac9338744f61a02 -> 
  custom:video-encoder-webm-vp8: eb34c28f22e8b96e1ab97ce403110664 -> 
  custom:audio-encoder-webm-vorbis: bf7c407c2cedff20999df2af8eb42d56 -> 
  custom:framework-win-MediaFoundation: 216162199b28c13a410421893ffa2e32 -> 
  custom:container-demuxer-ogg: 62fdf1f143b41e24485cea50d1cbac27 -> 
  custom:video-decoder-webm-vp8: 9c59270c3fd7afecdb556c50c9e8de78 -> 
  custom:audio-decoder-ogg-vorbis: bf7c407c2cedff20999df2af8eb42d56 -> 
========================================================================
Received Import Request.
  Time since last request: 109.962048 seconds.
  path: Assets/Spritesheets/Mobs/GreenSlime/GreenSlime jump.anim
  artifactKey: Guid(639ff8d39748bc345bc6d9b893634962) Importer(815301076,1909f56bfc062723c751e8b465ee728b)
Start importing Assets/Spritesheets/Mobs/GreenSlime/GreenSlime jump.anim using Guid(639ff8d39748bc345bc6d9b893634962) Importer(815301076,1909f56bfc062723c751e8b465ee728b)  -> (artifact id: '76061a75331e3f525ee8fef68bd108d7') in 0.049143 seconds 
========================================================================
Received Prepare
Registering precompiled user dll's ...
Registered in 0.006332 seconds.
Begin MonoManager ReloadAssembly
Symbol file LoadedFromMemory doesn't match image C:\Users\fsara\OneDrive\Desktop\repos\My project (1)\Library\PackageCache\com.unity.visualscripting@1.7.6\Editor\VisualScripting.Core\Dependencies\YamlDotNet\Unity.VisualScripting.YamlDotNet.dll
Symbol file LoadedFromMemory is not a mono symbol file
Symbol file LoadedFromMemory doesn't match image C:\Users\fsara\OneDrive\Desktop\repos\My project (1)\Library\PackageCache\com.unity.visualscripting@1.7.6\Editor\VisualScripting.Core\Dependencies\DotNetZip\Unity.VisualScripting.IonicZip.dll
Native extension for WindowsStandalone target not found
Native extension for WebGL target not found
Refreshing native plugins compatible for Editor in 1.29 ms, found 4 plugins.
Preloading 0 native plugins for Editor in 0.00 ms.
Mono: successfully reloaded assembly
- Completed reload, in  1.776 seconds
Domain Reload Profiling:
	ReloadAssembly (1778ms)
		BeginReloadAssembly (220ms)
			ExecutionOrderSort (0ms)
			DisableScriptedObjects (11ms)
			BackupInstance (0ms)
			ReleaseScriptingObjects (0ms)
			CreateAndSetChildDomain (58ms)
		EndReloadAssembly (1348ms)
			LoadAssemblies (171ms)
			RebuildTransferFunctionScriptingTraits (0ms)
			SetupTypeCache (406ms)
			ReleaseScriptCaches (2ms)
			RebuildScriptCaches (74ms)
			SetupLoadedEditorAssemblies (592ms)
				LogAssemblyErrors (0ms)
				InitializePlatformSupportModulesInManaged (27ms)
				SetLoadedEditorAssemblies (1ms)
				RefreshPlugins (1ms)
				BeforeProcessingInitializeOnLoad (140ms)
				ProcessInitializeOnLoadAttributes (336ms)
				ProcessInitializeOnLoadMethodAttributes (73ms)
				AfterProcessingInitializeOnLoad (14ms)
				EditorAssembliesLoaded (0ms)
			ExecutionOrderSort2 (0ms)
			AwakeInstancesAfterBackupRestoration (17ms)
Platform modules already initialized, skipping
Refreshing native plugins compatible for Editor in 3.78 ms, found 4 plugins.
Preloading 0 native plugins for Editor in 0.00 ms.
Unloading 3913 Unused Serialized files (Serialized files now loaded: 0)
Unloading 27 unused Assets / (192.5 KB). Loaded Objects now: 4394.
Memory consumption went from 152.0 MB to 151.8 MB.
Total: 4.610800 ms (FindLiveObjects: 0.299200 ms CreateObjectMapping: 0.377700 ms MarkObjects: 3.788200 ms  DeleteObjects: 0.144600 ms)

AssetImportParameters requested are different than current active one (requested -> active):
  custom:video-decoder-ogg-theora: a1e56fd34408186e4bbccfd4996cb3dc -> 
  custom:container-muxer-webm: aa71ff27fc2769a1b78a27578f13a17b -> 
  custom:container-demuxer-webm: 4f35f7cbe854078d1ac9338744f61a02 -> 
  custom:video-encoder-webm-vp8: eb34c28f22e8b96e1ab97ce403110664 -> 
  custom:audio-encoder-webm-vorbis: bf7c407c2cedff20999df2af8eb42d56 -> 
  custom:framework-win-MediaFoundation: 216162199b28c13a410421893ffa2e32 -> 
  custom:container-demuxer-ogg: 62fdf1f143b41e24485cea50d1cbac27 -> 
  custom:video-decoder-webm-vp8: 9c59270c3fd7afecdb556c50c9e8de78 -> 
  custom:audio-decoder-ogg-vorbis: bf7c407c2cedff20999df2af8eb42d56 -> 
========================================================================
Received Prepare
Registering precompiled user dll's ...
Registered in 0.006468 seconds.
Begin MonoManager ReloadAssembly
Symbol file LoadedFromMemory doesn't match image C:\Users\fsara\OneDrive\Desktop\repos\My project (1)\Library\PackageCache\com.unity.visualscripting@1.7.6\Editor\VisualScripting.Core\Dependencies\YamlDotNet\Unity.VisualScripting.YamlDotNet.dll
Symbol file LoadedFromMemory is not a mono symbol file
Symbol file LoadedFromMemory doesn't match image C:\Users\fsara\OneDrive\Desktop\repos\My project (1)\Library\PackageCache\com.unity.visualscripting@1.7.6\Editor\VisualScripting.Core\Dependencies\DotNetZip\Unity.VisualScripting.IonicZip.dll
Native extension for WindowsStandalone target not found
Native extension for WebGL target not found
Refreshing native plugins compatible for Editor in 1.29 ms, found 4 plugins.
Preloading 0 native plugins for Editor in 0.00 ms.
Mono: successfully reloaded assembly
- Completed reload, in  4.713 seconds
Domain Reload Profiling:
	ReloadAssembly (4714ms)
		BeginReloadAssembly (564ms)
			ExecutionOrderSort (0ms)
			DisableScriptedObjects (34ms)
			BackupInstance (0ms)
			ReleaseScriptingObjects (0ms)
			CreateAndSetChildDomain (139ms)
		EndReloadAssembly (3675ms)
			LoadAssemblies (363ms)
			RebuildTransferFunctionScriptingTraits (0ms)
			SetupTypeCache (1197ms)
			ReleaseScriptCaches (2ms)
			RebuildScriptCaches (234ms)
			SetupLoadedEditorAssemblies (1630ms)
				LogAssemblyErrors (0ms)
				InitializePlatformSupportModulesInManaged (71ms)
				SetLoadedEditorAssemblies (1ms)
				RefreshPlugins (1ms)
				BeforeProcessingInitializeOnLoad (373ms)
				ProcessInitializeOnLoadAttributes (1051ms)
				ProcessInitializeOnLoadMethodAttributes (87ms)
				AfterProcessingInitializeOnLoad (47ms)
				EditorAssembliesLoaded (0ms)
			ExecutionOrderSort2 (0ms)
			AwakeInstancesAfterBackupRestoration (68ms)
Platform modules already initialized, skipping
Refreshing native plugins compatible for Editor in 18.37 ms, found 4 plugins.
Preloading 0 native plugins for Editor in 0.00 ms.
Unloading 3913 Unused Serialized files (Serialized files now loaded: 0)
Unloading 27 unused Assets / (192.5 KB). Loaded Objects now: 4397.
Memory consumption went from 152.0 MB to 151.8 MB.
Total: 5.130500 ms (FindLiveObjects: 0.308900 ms CreateObjectMapping: 0.610400 ms MarkObjects: 4.008800 ms  DeleteObjects: 0.201000 ms)

AssetImportParameters requested are different than current active one (requested -> active):
  custom:video-decoder-ogg-theora: a1e56fd34408186e4bbccfd4996cb3dc -> 
  custom:container-muxer-webm: aa71ff27fc2769a1b78a27578f13a17b -> 
  custom:container-demuxer-webm: 4f35f7cbe854078d1ac9338744f61a02 -> 
  custom:video-encoder-webm-vp8: eb34c28f22e8b96e1ab97ce403110664 -> 
  custom:audio-encoder-webm-vorbis: bf7c407c2cedff20999df2af8eb42d56 -> 
  custom:framework-win-MediaFoundation: 216162199b28c13a410421893ffa2e32 -> 
  custom:container-demuxer-ogg: 62fdf1f143b41e24485cea50d1cbac27 -> 
  custom:video-decoder-webm-vp8: 9c59270c3fd7afecdb556c50c9e8de78 -> 
  custom:audio-decoder-ogg-vorbis: bf7c407c2cedff20999df2af8eb42d56 -> 
========================================================================
Received Prepare
Registering precompiled user dll's ...
Registered in 0.007236 seconds.
Begin MonoManager ReloadAssembly
Symbol file LoadedFromMemory doesn't match image C:\Users\fsara\OneDrive\Desktop\repos\My project (1)\Library\PackageCache\com.unity.visualscripting@1.7.6\Editor\VisualScripting.Core\Dependencies\YamlDotNet\Unity.VisualScripting.YamlDotNet.dll
Symbol file LoadedFromMemory is not a mono symbol file
Symbol file LoadedFromMemory doesn't match image C:\Users\fsara\OneDrive\Desktop\repos\My project (1)\Library\PackageCache\com.unity.visualscripting@1.7.6\Editor\VisualScripting.Core\Dependencies\DotNetZip\Unity.VisualScripting.IonicZip.dll
Native extension for WindowsStandalone target not found
Native extension for WebGL target not found
Refreshing native plugins compatible for Editor in 1.60 ms, found 4 plugins.
Preloading 0 native plugins for Editor in 0.00 ms.
Mono: successfully reloaded assembly
- Completed reload, in  1.748 seconds
Domain Reload Profiling:
	ReloadAssembly (1748ms)
		BeginReloadAssembly (151ms)
			ExecutionOrderSort (0ms)
			DisableScriptedObjects (7ms)
			BackupInstance (0ms)
			ReleaseScriptingObjects (0ms)
			CreateAndSetChildDomain (40ms)
		EndReloadAssembly (1445ms)
			LoadAssemblies (135ms)
			RebuildTransferFunctionScriptingTraits (0ms)
			SetupTypeCache (444ms)
			ReleaseScriptCaches (2ms)
			RebuildScriptCaches (82ms)
			SetupLoadedEditorAssemblies (635ms)
				LogAssemblyErrors (0ms)
				InitializePlatformSupportModulesInManaged (24ms)
				SetLoadedEditorAssemblies (1ms)
				RefreshPlugins (2ms)
				BeforeProcessingInitializeOnLoad (133ms)
				ProcessInitializeOnLoadAttributes (392ms)
				ProcessInitializeOnLoadMethodAttributes (67ms)
				AfterProcessingInitializeOnLoad (15ms)
				EditorAssembliesLoaded (0ms)
			ExecutionOrderSort2 (0ms)
			AwakeInstancesAfterBackupRestoration (18ms)
Platform modules already initialized, skipping
Refreshing native plugins compatible for Editor in 4.06 ms, found 4 plugins.
Preloading 0 native plugins for Editor in 0.00 ms.
Unloading 3913 Unused Serialized files (Serialized files now loaded: 0)
Unloading 27 unused Assets / (192.3 KB). Loaded Objects now: 4400.
Memory consumption went from 152.0 MB to 151.8 MB.
Total: 4.908200 ms (FindLiveObjects: 0.312300 ms CreateObjectMapping: 0.420100 ms MarkObjects: 3.990800 ms  DeleteObjects: 0.183900 ms)

AssetImportParameters requested are different than current active one (requested -> active):
  custom:video-decoder-ogg-theora: a1e56fd34408186e4bbccfd4996cb3dc -> 
  custom:container-muxer-webm: aa71ff27fc2769a1b78a27578f13a17b -> 
  custom:container-demuxer-webm: 4f35f7cbe854078d1ac9338744f61a02 -> 
  custom:video-encoder-webm-vp8: eb34c28f22e8b96e1ab97ce403110664 -> 
  custom:audio-encoder-webm-vorbis: bf7c407c2cedff20999df2af8eb42d56 -> 
  custom:framework-win-MediaFoundation: 216162199b28c13a410421893ffa2e32 -> 
  custom:container-demuxer-ogg: 62fdf1f143b41e24485cea50d1cbac27 -> 
  custom:video-decoder-webm-vp8: 9c59270c3fd7afecdb556c50c9e8de78 -> 
  custom:audio-decoder-ogg-vorbis: bf7c407c2cedff20999df2af8eb42d56 -> 
========================================================================
Received Prepare
Registering precompiled user dll's ...
Registered in 0.006580 seconds.
Begin MonoManager ReloadAssembly
Symbol file LoadedFromMemory doesn't match image C:\Users\fsara\OneDrive\Desktop\repos\My project (1)\Library\PackageCache\com.unity.visualscripting@1.7.6\Editor\VisualScripting.Core\Dependencies\YamlDotNet\Unity.VisualScripting.YamlDotNet.dll
Symbol file LoadedFromMemory is not a mono symbol file
Symbol file LoadedFromMemory doesn't match image C:\Users\fsara\OneDrive\Desktop\repos\My project (1)\Library\PackageCache\com.unity.visualscripting@1.7.6\Editor\VisualScripting.Core\Dependencies\DotNetZip\Unity.VisualScripting.IonicZip.dll
Native extension for WindowsStandalone target not found
Native extension for WebGL target not found
Refreshing native plugins compatible for Editor in 1.04 ms, found 4 plugins.
Preloading 0 native plugins for Editor in 0.00 ms.
Mono: successfully reloaded assembly
- Completed reload, in  1.713 seconds
Domain Reload Profiling:
	ReloadAssembly (1714ms)
		BeginReloadAssembly (139ms)
			ExecutionOrderSort (0ms)
			DisableScriptedObjects (7ms)
			BackupInstance (0ms)
			ReleaseScriptingObjects (0ms)
			CreateAndSetChildDomain (33ms)
		EndReloadAssembly (1400ms)
			LoadAssemblies (134ms)
			RebuildTransferFunctionScriptingTraits (0ms)
			SetupTypeCache (429ms)
			ReleaseScriptCaches (2ms)
			RebuildScriptCaches (65ms)
			SetupLoadedEditorAssemblies (662ms)
				LogAssemblyErrors (0ms)
				InitializePlatformSupportModulesInManaged (26ms)
				SetLoadedEditorAssemblies (2ms)
				RefreshPlugins (1ms)
				BeforeProcessingInitializeOnLoad (130ms)
				ProcessInitializeOnLoadAttributes (419ms)
				ProcessInitializeOnLoadMethodAttributes (67ms)
				AfterProcessingInitializeOnLoad (17ms)
				EditorAssembliesLoaded (1ms)
			ExecutionOrderSort2 (0ms)
			AwakeInstancesAfterBackupRestoration (16ms)
Platform modules already initialized, skipping
Refreshing native plugins compatible for Editor in 3.70 ms, found 4 plugins.
Preloading 0 native plugins for Editor in 0.00 ms.
Unloading 3913 Unused Serialized files (Serialized files now loaded: 0)
Unloading 27 unused Assets / (192.4 KB). Loaded Objects now: 4403.
Memory consumption went from 152.0 MB to 151.8 MB.
Total: 4.606000 ms (FindLiveObjects: 0.320700 ms CreateObjectMapping: 0.251400 ms MarkObjects: 3.555900 ms  DeleteObjects: 0.476400 ms)

AssetImportParameters requested are different than current active one (requested -> active):
  custom:video-decoder-ogg-theora: a1e56fd34408186e4bbccfd4996cb3dc -> 
  custom:container-muxer-webm: aa71ff27fc2769a1b78a27578f13a17b -> 
  custom:container-demuxer-webm: 4f35f7cbe854078d1ac9338744f61a02 -> 
  custom:video-encoder-webm-vp8: eb34c28f22e8b96e1ab97ce403110664 -> 
  custom:audio-encoder-webm-vorbis: bf7c407c2cedff20999df2af8eb42d56 -> 
  custom:framework-win-MediaFoundation: 216162199b28c13a410421893ffa2e32 -> 
  custom:container-demuxer-ogg: 62fdf1f143b41e24485cea50d1cbac27 -> 
  custom:video-decoder-webm-vp8: 9c59270c3fd7afecdb556c50c9e8de78 -> 
  custom:audio-decoder-ogg-vorbis: bf7c407c2cedff20999df2af8eb42d56 -> 
========================================================================
Received Import Request.
  Time since last request: 2068.146729 seconds.
  path: Assets/Animations/GreenSlime_0.controller
  artifactKey: Guid(d50612099caed6a46b9c7233374a5e2d) Importer(815301076,1909f56bfc062723c751e8b465ee728b)
Start importing Assets/Animations/GreenSlime_0.controller using Guid(d50612099caed6a46b9c7233374a5e2d) Importer(815301076,1909f56bfc062723c751e8b465ee728b)  -> (artifact id: '8d29691608bb80b10b81157dcbf012a2') in 0.026107 seconds 
========================================================================
Received Prepare
Registering precompiled user dll's ...
Registered in 0.007158 seconds.
Begin MonoManager ReloadAssembly
Symbol file LoadedFromMemory doesn't match image C:\Users\fsara\OneDrive\Desktop\repos\My project (1)\Library\PackageCache\com.unity.visualscripting@1.7.6\Editor\VisualScripting.Core\Dependencies\YamlDotNet\Unity.VisualScripting.YamlDotNet.dll
Symbol file LoadedFromMemory is not a mono symbol file
Symbol file LoadedFromMemory doesn't match image C:\Users\fsara\OneDrive\Desktop\repos\My project (1)\Library\PackageCache\com.unity.visualscripting@1.7.6\Editor\VisualScripting.Core\Dependencies\DotNetZip\Unity.VisualScripting.IonicZip.dll
Native extension for WindowsStandalone target not found
Native extension for WebGL target not found
Refreshing native plugins compatible for Editor in 1.49 ms, found 4 plugins.
Preloading 0 native plugins for Editor in 0.00 ms.
Mono: successfully reloaded assembly
- Completed reload, in  1.836 seconds
Domain Reload Profiling:
	ReloadAssembly (1839ms)
		BeginReloadAssembly (277ms)
			ExecutionOrderSort (0ms)
			DisableScriptedObjects (14ms)
			BackupInstance (0ms)
			ReleaseScriptingObjects (0ms)
			CreateAndSetChildDomain (99ms)
		EndReloadAssembly (1392ms)
			LoadAssemblies (183ms)
			RebuildTransferFunctionScriptingTraits (0ms)
			SetupTypeCache (465ms)
			ReleaseScriptCaches (2ms)
			RebuildScriptCaches (79ms)
			SetupLoadedEditorAssemblies (585ms)
				LogAssemblyErrors (0ms)
				InitializePlatformSupportModulesInManaged (26ms)
				SetLoadedEditorAssemblies (1ms)
				RefreshPlugins (2ms)
				BeforeProcessingInitializeOnLoad (124ms)
				ProcessInitializeOnLoadAttributes (356ms)
				ProcessInitializeOnLoadMethodAttributes (61ms)
				AfterProcessingInitializeOnLoad (15ms)
				EditorAssembliesLoaded (0ms)
			ExecutionOrderSort2 (0ms)
			AwakeInstancesAfterBackupRestoration (16ms)
Platform modules already initialized, skipping
Refreshing native plugins compatible for Editor in 4.56 ms, found 4 plugins.
Preloading 0 native plugins for Editor in 0.00 ms.
Unloading 3913 Unused Serialized files (Serialized files now loaded: 0)
Unloading 27 unused Assets / (192.4 KB). Loaded Objects now: 4406.
Memory consumption went from 152.1 MB to 151.9 MB.
Total: 4.698500 ms (FindLiveObjects: 0.305000 ms CreateObjectMapping: 0.282400 ms MarkObjects: 3.913300 ms  DeleteObjects: 0.196900 ms)

AssetImportParameters requested are different than current active one (requested -> active):
  custom:video-decoder-ogg-theora: a1e56fd34408186e4bbccfd4996cb3dc -> 
  custom:container-muxer-webm: aa71ff27fc2769a1b78a27578f13a17b -> 
  custom:container-demuxer-webm: 4f35f7cbe854078d1ac9338744f61a02 -> 
  custom:video-encoder-webm-vp8: eb34c28f22e8b96e1ab97ce403110664 -> 
  custom:audio-encoder-webm-vorbis: bf7c407c2cedff20999df2af8eb42d56 -> 
  custom:framework-win-MediaFoundation: 216162199b28c13a410421893ffa2e32 -> 
  custom:container-demuxer-ogg: 62fdf1f143b41e24485cea50d1cbac27 -> 
  custom:video-decoder-webm-vp8: 9c59270c3fd7afecdb556c50c9e8de78 -> 
  custom:audio-decoder-ogg-vorbis: bf7c407c2cedff20999df2af8eb42d56 -> 
========================================================================
Received Prepare
Registering precompiled user dll's ...
Registered in 0.006330 seconds.
Begin MonoManager ReloadAssembly
Symbol file LoadedFromMemory doesn't match image C:\Users\fsara\OneDrive\Desktop\repos\My project (1)\Library\PackageCache\com.unity.visualscripting@1.7.6\Editor\VisualScripting.Core\Dependencies\YamlDotNet\Unity.VisualScripting.YamlDotNet.dll
Symbol file LoadedFromMemory is not a mono symbol file
Symbol file LoadedFromMemory doesn't match image C:\Users\fsara\OneDrive\Desktop\repos\My project (1)\Library\PackageCache\com.unity.visualscripting@1.7.6\Editor\VisualScripting.Core\Dependencies\DotNetZip\Unity.VisualScripting.IonicZip.dll
Native extension for WindowsStandalone target not found
Native extension for WebGL target not found
Refreshing native plugins compatible for Editor in 1.21 ms, found 4 plugins.
Preloading 0 native plugins for Editor in 0.00 ms.
Mono: successfully reloaded assembly
- Completed reload, in  1.821 seconds
Domain Reload Profiling:
	ReloadAssembly (1822ms)
		BeginReloadAssembly (225ms)
			ExecutionOrderSort (0ms)
			DisableScriptedObjects (29ms)
			BackupInstance (0ms)
			ReleaseScriptingObjects (0ms)
			CreateAndSetChildDomain (56ms)
		EndReloadAssembly (1426ms)
			LoadAssemblies (169ms)
			RebuildTransferFunctionScriptingTraits (0ms)
			SetupTypeCache (462ms)
			ReleaseScriptCaches (3ms)
			RebuildScriptCaches (88ms)
			SetupLoadedEditorAssemblies (590ms)
				LogAssemblyErrors (0ms)
				InitializePlatformSupportModulesInManaged (24ms)
				SetLoadedEditorAssemblies (1ms)
				RefreshPlugins (1ms)
				BeforeProcessingInitializeOnLoad (145ms)
				ProcessInitializeOnLoadAttributes (333ms)
				ProcessInitializeOnLoadMethodAttributes (64ms)
				AfterProcessingInitializeOnLoad (22ms)
				EditorAssembliesLoaded (0ms)
			ExecutionOrderSort2 (0ms)
			AwakeInstancesAfterBackupRestoration (16ms)
Platform modules already initialized, skipping
Refreshing native plugins compatible for Editor in 3.76 ms, found 4 plugins.
Preloading 0 native plugins for Editor in 0.00 ms.
Unloading 3913 Unused Serialized files (Serialized files now loaded: 0)
Unloading 27 unused Assets / (192.3 KB). Loaded Objects now: 4409.
Memory consumption went from 152.1 MB to 151.9 MB.
Total: 5.062900 ms (FindLiveObjects: 0.344900 ms CreateObjectMapping: 0.240000 ms MarkObjects: 4.298000 ms  DeleteObjects: 0.179100 ms)

AssetImportParameters requested are different than current active one (requested -> active):
  custom:video-decoder-ogg-theora: a1e56fd34408186e4bbccfd4996cb3dc -> 
  custom:container-muxer-webm: aa71ff27fc2769a1b78a27578f13a17b -> 
  custom:container-demuxer-webm: 4f35f7cbe854078d1ac9338744f61a02 -> 
  custom:video-encoder-webm-vp8: eb34c28f22e8b96e1ab97ce403110664 -> 
  custom:audio-encoder-webm-vorbis: bf7c407c2cedff20999df2af8eb42d56 -> 
  custom:framework-win-MediaFoundation: 216162199b28c13a410421893ffa2e32 -> 
  custom:container-demuxer-ogg: 62fdf1f143b41e24485cea50d1cbac27 -> 
  custom:video-decoder-webm-vp8: 9c59270c3fd7afecdb556c50c9e8de78 -> 
  custom:audio-decoder-ogg-vorbis: bf7c407c2cedff20999df2af8eb42d56 -> 
========================================================================
Received Prepare
Registering precompiled user dll's ...
Registered in 0.007010 seconds.
Begin MonoManager ReloadAssembly
Symbol file LoadedFromMemory doesn't match image C:\Users\fsara\OneDrive\Desktop\repos\My project (1)\Library\PackageCache\com.unity.visualscripting@1.7.6\Editor\VisualScripting.Core\Dependencies\YamlDotNet\Unity.VisualScripting.YamlDotNet.dll
Symbol file LoadedFromMemory is not a mono symbol file
Symbol file LoadedFromMemory doesn't match image C:\Users\fsara\OneDrive\Desktop\repos\My project (1)\Library\PackageCache\com.unity.visualscripting@1.7.6\Editor\VisualScripting.Core\Dependencies\DotNetZip\Unity.VisualScripting.IonicZip.dll
Native extension for WindowsStandalone target not found
Native extension for WebGL target not found
Refreshing native plugins compatible for Editor in 0.85 ms, found 4 plugins.
Preloading 0 native plugins for Editor in 0.00 ms.
Mono: successfully reloaded assembly
- Completed reload, in  2.007 seconds
Domain Reload Profiling:
	ReloadAssembly (2010ms)
		BeginReloadAssembly (331ms)
			ExecutionOrderSort (0ms)
			DisableScriptedObjects (29ms)
			BackupInstance (0ms)
			ReleaseScriptingObjects (0ms)
			CreateAndSetChildDomain (109ms)
		EndReloadAssembly (1478ms)
			LoadAssemblies (211ms)
			RebuildTransferFunctionScriptingTraits (0ms)
			SetupTypeCache (480ms)
			ReleaseScriptCaches (3ms)
			RebuildScriptCaches (86ms)
			SetupLoadedEditorAssemblies (653ms)
				LogAssemblyErrors (0ms)
				InitializePlatformSupportModulesInManaged (20ms)
				SetLoadedEditorAssemblies (1ms)
				RefreshPlugins (1ms)
				BeforeProcessingInitializeOnLoad (134ms)
				ProcessInitializeOnLoadAttributes (364ms)
				ProcessInitializeOnLoadMethodAttributes (118ms)
				AfterProcessingInitializeOnLoad (15ms)
				EditorAssembliesLoaded (0ms)
			ExecutionOrderSort2 (0ms)
			AwakeInstancesAfterBackupRestoration (16ms)
Platform modules already initialized, skipping
Refreshing native plugins compatible for Editor in 3.70 ms, found 4 plugins.
Preloading 0 native plugins for Editor in 0.00 ms.
Unloading 3913 Unused Serialized files (Serialized files now loaded: 0)
Unloading 27 unused Assets / (192.6 KB). Loaded Objects now: 4412.
Memory consumption went from 152.1 MB to 151.9 MB.
Total: 5.124700 ms (FindLiveObjects: 0.389500 ms CreateObjectMapping: 0.306800 ms MarkObjects: 4.160600 ms  DeleteObjects: 0.251800 ms)

AssetImportParameters requested are different than current active one (requested -> active):
  custom:video-decoder-ogg-theora: a1e56fd34408186e4bbccfd4996cb3dc -> 
  custom:container-muxer-webm: aa71ff27fc2769a1b78a27578f13a17b -> 
  custom:container-demuxer-webm: 4f35f7cbe854078d1ac9338744f61a02 -> 
  custom:video-encoder-webm-vp8: eb34c28f22e8b96e1ab97ce403110664 -> 
  custom:audio-encoder-webm-vorbis: bf7c407c2cedff20999df2af8eb42d56 -> 
  custom:framework-win-MediaFoundation: 216162199b28c13a410421893ffa2e32 -> 
  custom:container-demuxer-ogg: 62fdf1f143b41e24485cea50d1cbac27 -> 
  custom:video-decoder-webm-vp8: 9c59270c3fd7afecdb556c50c9e8de78 -> 
  custom:audio-decoder-ogg-vorbis: bf7c407c2cedff20999df2af8eb42d56 -> 
